{
  message: 'successfully connected to Database',
  level: 'info',
  label: 'Fahad Uni',
  timestamp: '2023-06-08T19:40:33.484Z'
}
{
  message: 'Example app listening on port 5500',
  level: 'info',
  label: 'Fahad Uni',
  timestamp: '2023-06-08T19:40:33.496Z'
}
{
  message: 'successfully connected to Database',
  level: 'info',
  label: 'Fahad Uni',
  timestamp: '2023-06-08T19:41:34.734Z'
}
{
  message: 'Example app listening on port 5500',
  level: 'info',
  label: 'Fahad Uni',
  timestamp: '2023-06-08T19:41:34.741Z'
}
{
  message: 'successfully connected to Database',
  level: 'info',
  label: 'Fahad Uni',
  timestamp: '2023-06-08T19:42:03.708Z'
}
{
  message: 'Example app listening on port 5500',
  level: 'info',
  label: 'Fahad Uni',
  timestamp: '2023-06-08T19:42:03.714Z'
}
{
  message: 'successfully connected to Database',
  level: 'info',
  label: 'Fahad Uni',
  timestamp: '2023-06-08T19:42:07.309Z'
}
{
  message: 'Example app listening on port 5500',
  level: 'info',
  label: 'Fahad Uni',
  timestamp: '2023-06-08T19:42:07.316Z'
}
{
  message: 'successfully connected to Database',
  level: 'info',
  label: 'Fahad Uni',
  timestamp: '2023-06-08T19:42:10.566Z'
}
{
  message: 'Example app listening on port 5500',
  level: 'info',
  label: 'Fahad Uni',
  timestamp: '2023-06-08T19:42:10.572Z'
}
{
  message: 'successfully connected to Database',
  level: 'info',
  label: 'Fahad Uni',
  timestamp: '2023-06-08T19:42:19.290Z'
}
{
  message: 'Example app listening on port 5500',
  level: 'info',
  label: 'Fahad Uni',
  timestamp: '2023-06-08T19:42:19.302Z'
}
{
  message: 'successfully connected to Database',
  level: 'info',
  label: 'Fahad Uni',
  timestamp: '2023-06-08T19:43:29.822Z'
}
{
  message: 'Example app listening on port 5500',
  level: 'info',
  label: 'Fahad Uni',
  timestamp: '2023-06-08T19:43:29.829Z'
}
{
  message: 'successfully connected to Database',
  level: 'info',
  label: 'Fahad Uni',
  timestamp: '2023-06-08T19:43:56.005Z'
}
{
  message: 'Example app listening on port 5500',
  level: 'info',
  label: 'Fahad Uni',
  timestamp: '2023-06-08T19:43:56.016Z'
}
{
  message: 'successfully connected to Database',
  level: 'info',
  label: 'Fahad Uni',
  timestamp: '2023-06-08T19:43:59.358Z'
}
{
  message: 'Example app listening on port 5500',
  level: 'info',
  label: 'Fahad Uni',
  timestamp: '2023-06-08T19:43:59.371Z'
}
{
  message: 'successfully connected to Database',
  level: 'info',
  label: 'Fahad Uni',
  timestamp: '2023-06-08T19:44:15.666Z'
}
{
  message: 'Example app listening on port 5500',
  level: 'info',
  label: 'Fahad Uni',
  timestamp: '2023-06-08T19:44:15.680Z'
}
{
  message: 'successfully connected to Database',
  level: 'info',
  label: 'Fahad Uni',
  timestamp: '2023-06-08T19:44:29.894Z'
}
{
  message: 'Example app listening on port 5500',
  level: 'info',
  label: 'Fahad Uni',
  timestamp: '2023-06-08T19:44:29.903Z'
}
{
  message: 'successfully connected to Database',
  level: 'info',
  label: 'Fahad Uni',
  timestamp: '2023-06-08T19:44:48.874Z'
}
{
  message: 'Example app listening on port 5500',
  level: 'info',
  label: 'Fahad Uni',
  timestamp: '2023-06-08T19:44:48.884Z'
}
{
  message: 'successfully connected to Database',
  level: 'info',
  label: 'Fahad Uni',
  timestamp: '2023-06-08T19:45:00.143Z'
}
{
  message: 'Example app listening on port 5500',
  level: 'info',
  label: 'Fahad Uni',
  timestamp: '2023-06-08T19:45:00.151Z'
}
{
  message: 'successfully connected to Database',
  level: 'info',
  label: 'Fahad Uni',
  timestamp: '2023-06-08T19:46:58.906Z'
}
{
  message: 'Example app listening on port 5500',
  level: 'info',
  label: 'Fahad Uni',
  timestamp: '2023-06-08T19:46:58.913Z'
}
{
  message: 'successfully connected to Database',
  level: 'info',
  label: 'Fahad Uni',
  timestamp: '2023-06-08T19:47:33.293Z'
}
{
  message: 'Example app listening on port 5500',
  level: 'info',
  label: 'Fahad Uni',
  timestamp: '2023-06-08T19:47:33.300Z'
}
{
  message: 'successfully connected to Database',
  level: 'info',
  label: 'Fahad Uni',
  timestamp: '2023-06-08T19:47:48.244Z'
}
{
  message: 'Example app listening on port 5500',
  level: 'info',
  label: 'Fahad Uni',
  timestamp: '2023-06-08T19:47:48.250Z'
}
{
  message: 'successfully connected to Database',
  level: 'info',
  label: 'Fahad Uni',
  timestamp: '2023-06-08T19:48:00.241Z'
}
{
  message: 'Example app listening on port 5500',
  level: 'info',
  label: 'Fahad Uni',
  timestamp: '2023-06-08T19:48:00.249Z'
}
{
  message: 'successfully connected to Database',
  level: 'info',
  label: 'Fahad Uni',
  timestamp: '2023-06-08T19:53:58.384Z'
}
{
  message: 'Example app listening on port 5500',
  level: 'info',
  label: 'Fahad Uni',
  timestamp: '2023-06-08T19:53:58.392Z'
}
{
  message: 'successfully connected to Database',
  level: 'info',
  label: 'Fahad Uni',
  timestamp: '2023-06-08T19:54:27.294Z'
}
{
  message: 'Example app listening on port 5500',
  level: 'info',
  label: 'Fahad Uni',
  timestamp: '2023-06-08T19:54:27.303Z'
}
{
  message: 'successfully connected to Database',
  level: 'info',
  label: 'Fahad Uni',
  timestamp: '2023-06-08T19:54:30.731Z'
}
{
  message: 'Example app listening on port 5500',
  level: 'info',
  label: 'Fahad Uni',
  timestamp: '2023-06-08T19:54:30.738Z'
}
{
  message: 'successfully connected to Database',
  level: 'info',
  label: 'Fahad Uni',
  timestamp: '2023-06-08T19:56:16.896Z'
}
{
  message: 'Example app listening on port 5500',
  level: 'info',
  label: 'Fahad Uni',
  timestamp: '2023-06-08T19:56:16.902Z'
}
{
  message: 'successfully connected to Database',
  level: 'info',
  label: 'Fahad Uni',
  timestamp: '2023-06-08T19:56:36.911Z'
}
{
  message: 'Example app listening on port 5500',
  level: 'info',
  label: 'Fahad Uni',
  timestamp: '2023-06-08T19:56:36.921Z'
}
{
  message: 'successfully connected to Database',
  level: 'info',
  label: 'Fahad Uni',
  timestamp: '2023-06-08T19:56:47.668Z'
}
{
  message: 'Example app listening on port 5500',
  level: 'info',
  label: 'Fahad Uni',
  timestamp: '2023-06-08T19:56:47.674Z'
}
{
  message: 'successfully connected to Database',
  level: 'info',
  label: 'Fahad Uni',
  timestamp: '2023-06-08T19:56:51.450Z'
}
{
  message: 'Example app listening on port 5500',
  level: 'info',
  label: 'Fahad Uni',
  timestamp: '2023-06-08T19:56:51.467Z'
}
{
  message: 'successfully connected to Database',
  level: 'info',
  label: 'Fahad Uni',
  timestamp: '2023-06-08T19:56:55.841Z'
}
{
  message: 'Example app listening on port 5500',
  level: 'info',
  label: 'Fahad Uni',
  timestamp: '2023-06-08T19:56:55.856Z'
}
{
  message: 'successfully connected to Database',
  level: 'info',
  label: 'Fahad Uni',
  timestamp: '2023-06-08T19:56:59.222Z'
}
{
  message: 'Example app listening on port 5500',
  level: 'info',
  label: 'Fahad Uni',
  timestamp: '2023-06-08T19:56:59.230Z'
}
{
  message: 'successfully connected to Database',
  level: 'info',
  label: 'Fahad Uni',
  timestamp: '2023-06-08T19:57:05.929Z'
}
{
  message: 'Example app listening on port 5500',
  level: 'info',
  label: 'Fahad Uni',
  timestamp: '2023-06-08T19:57:05.936Z'
}
{
  message: 'successfully connected to Database',
  level: 'info',
  label: 'Fahad Uni',
  timestamp: '2023-06-08T19:58:04.441Z'
}
{
  message: 'Example app listening on port 5500',
  level: 'info',
  label: 'Fahad Uni',
  timestamp: '2023-06-08T19:58:04.452Z'
}
{
  message: 'successfully connected to Database',
  level: 'info',
  label: 'Fahad Uni',
  timestamp: '2023-06-08T19:58:13.478Z'
}
{
  message: 'Example app listening on port 5500',
  level: 'info',
  label: 'Fahad Uni',
  timestamp: '2023-06-08T19:58:13.488Z'
}
{
  message: 'successfully connected to Database',
  level: 'info',
  label: 'Fahad Uni',
  timestamp: '2023-06-08T19:58:25.778Z'
}
{
  message: 'Example app listening on port 5500',
  level: 'info',
  label: 'Fahad Uni',
  timestamp: '2023-06-08T19:58:25.784Z'
}
{
  message: 'successfully connected to Database',
  level: 'info',
  label: 'Fahad Uni',
  timestamp: '2023-06-08T19:58:29.583Z'
}
{
  message: 'Example app listening on port 5500',
  level: 'info',
  label: 'Fahad Uni',
  timestamp: '2023-06-08T19:58:29.590Z'
}
{
  message: 'successfully connected to Database',
  level: 'info',
  label: 'Fahad Uni',
  timestamp: '2023-06-08T19:58:38.560Z'
}
{
  message: 'Example app listening on port 5500',
  level: 'info',
  label: 'Fahad Uni',
  timestamp: '2023-06-08T19:58:38.566Z'
}
{
  message: 'successfully connected to Database',
  level: 'info',
  label: 'Fahad Uni',
  timestamp: '2023-06-08T19:58:43.068Z'
}
{
  message: 'Example app listening on port 5500',
  level: 'info',
  label: 'Fahad Uni',
  timestamp: '2023-06-08T19:58:43.075Z'
}
{
  message: 'successfully connected to Database',
  level: 'info',
  label: 'Fahad Uni',
  timestamp: '2023-06-08T19:58:48.445Z'
}
{
  message: 'Example app listening on port 5500',
  level: 'info',
  label: 'Fahad Uni',
  timestamp: '2023-06-08T19:58:48.452Z'
}
{
  message: 'successfully connected to Database',
  level: 'info',
  label: 'Fahad Uni',
  timestamp: '2023-06-08T19:58:57.258Z'
}
{
  message: 'Example app listening on port 5500',
  level: 'info',
  label: 'Fahad Uni',
  timestamp: '2023-06-08T19:58:57.265Z'
}
{
  message: 'successfully connected to Database',
  level: 'info',
  label: 'Fahad Uni',
  timestamp: '2023-06-08T19:59:15.905Z'
}
{
  message: 'Example app listening on port 5500',
  level: 'info',
  label: 'Fahad Uni',
  timestamp: '2023-06-08T19:59:15.911Z'
}
{
  message: 'successfully connected to Database',
  level: 'info',
  label: 'Fahad Uni',
  timestamp: '2023-06-08T19:59:24.267Z'
}
{
  message: 'Example app listening on port 5500',
  level: 'info',
  label: 'Fahad Uni',
  timestamp: '2023-06-08T19:59:24.273Z'
}
{
  message: 'successfully connected to Database',
  level: 'info',
  label: 'Fahad Uni',
  timestamp: '2023-06-08T19:59:28.848Z'
}
{
  message: 'Example app listening on port 5500',
  level: 'info',
  label: 'Fahad Uni',
  timestamp: '2023-06-08T19:59:28.855Z'
}
{
  message: 'successfully connected to Database',
  level: 'info',
  label: 'Fahad Uni',
  timestamp: '2023-06-08T19:59:36.628Z'
}
{
  message: 'Example app listening on port 5500',
  level: 'info',
  label: 'Fahad Uni',
  timestamp: '2023-06-08T19:59:36.635Z'
}
