{
  message: 'successfully connected to Database',
  level: 'info',
  label: 'Fahad Uni',
  timestamp: '2023-06-05T07:37:27.027Z'
}
{
  message: 'Example app listening on port 5000',
  level: 'info',
  label: 'Fahad Uni',
  timestamp: '2023-06-05T07:37:27.033Z'
}
{
  message: 'successfully connected to Database',
  level: 'info',
  label: 'Fahad Uni',
  timestamp: '2023-06-05T07:37:30.219Z'
}
{
  message: 'Example app listening on port 5000',
  level: 'info',
  label: 'Fahad Uni',
  timestamp: '2023-06-05T07:37:30.225Z'
}
{
  message: 'successfully connected to Database',
  level: 'info',
  label: 'Fahad Uni',
  timestamp: '2023-06-05T07:37:35.271Z'
}
{
  message: 'Example app listening on port 5000',
  level: 'info',
  label: 'Fahad Uni',
  timestamp: '2023-06-05T07:37:35.278Z'
}
{
  message: 'successfully connected to Database',
  level: 'info',
  label: 'Fahad Uni',
  timestamp: '2023-06-05T07:37:42.118Z'
}
{
  message: 'Example app listening on port 5000',
  level: 'info',
  label: 'Fahad Uni',
  timestamp: '2023-06-05T07:37:42.124Z'
}
{
  message: 'successfully connected to Database',
  level: 'info',
  label: 'Fahad Uni',
  timestamp: '2023-06-05T07:37:46.258Z'
}
{
  message: 'Example app listening on port 5000',
  level: 'info',
  label: 'Fahad Uni',
  timestamp: '2023-06-05T07:37:46.272Z'
}
{
  message: 'successfully connected to Database',
  level: 'info',
  label: 'Fahad Uni',
  timestamp: '2023-06-05T07:37:51.477Z'
}
{
  message: 'Example app listening on port 5000',
  level: 'info',
  label: 'Fahad Uni',
  timestamp: '2023-06-05T07:37:51.485Z'
}
{
  message: 'successfully connected to Database',
  level: 'info',
  label: 'Fahad Uni',
  timestamp: '2023-06-05T07:37:54.044Z'
}
{
  message: 'Example app listening on port 5000',
  level: 'info',
  label: 'Fahad Uni',
  timestamp: '2023-06-05T07:37:54.055Z'
}
{
  message: 'successfully connected to Database',
  level: 'info',
  label: 'Fahad Uni',
  timestamp: '2023-06-05T07:38:27.008Z'
}
{
  message: 'Example app listening on port 5000',
  level: 'info',
  label: 'Fahad Uni',
  timestamp: '2023-06-05T07:38:27.013Z'
}
{
  message: 'successfully connected to Database',
  level: 'info',
  label: 'Fahad Uni',
  timestamp: '2023-06-05T07:38:31.819Z'
}
{
  message: 'Example app listening on port 5000',
  level: 'info',
  label: 'Fahad Uni',
  timestamp: '2023-06-05T07:38:31.828Z'
}
{
  message: 'successfully connected to Database',
  level: 'info',
  label: 'Fahad Uni',
  timestamp: '2023-06-05T07:38:36.560Z'
}
{
  message: 'Example app listening on port 5000',
  level: 'info',
  label: 'Fahad Uni',
  timestamp: '2023-06-05T07:38:36.567Z'
}
{
  message: 'successfully connected to Database',
  level: 'info',
  label: 'Fahad Uni',
  timestamp: '2023-06-05T07:38:39.818Z'
}
{
  message: 'Example app listening on port 5000',
  level: 'info',
  label: 'Fahad Uni',
  timestamp: '2023-06-05T07:38:39.823Z'
}
{
  message: 'successfully connected to Database',
  level: 'info',
  label: 'Fahad Uni',
  timestamp: '2023-06-05T07:39:58.393Z'
}
{
  message: 'Example app listening on port 5000',
  level: 'info',
  label: 'Fahad Uni',
  timestamp: '2023-06-05T07:39:58.399Z'
}
{
  message: 'successfully connected to Database',
  level: 'info',
  label: 'Fahad Uni',
  timestamp: '2023-06-05T07:40:36.601Z'
}
{
  message: 'Example app listening on port 5000',
  level: 'info',
  label: 'Fahad Uni',
  timestamp: '2023-06-05T07:40:36.607Z'
}
{
  message: 'successfully connected to Database',
  level: 'info',
  label: 'Fahad Uni',
  timestamp: '2023-06-05T07:40:53.207Z'
}
{
  message: 'Example app listening on port 5000',
  level: 'info',
  label: 'Fahad Uni',
  timestamp: '2023-06-05T07:40:53.213Z'
}
{
  message: 'successfully connected to Database',
  level: 'info',
  label: 'Fahad Uni',
  timestamp: '2023-06-05T07:40:59.472Z'
}
{
  message: 'Example app listening on port 5000',
  level: 'info',
  label: 'Fahad Uni',
  timestamp: '2023-06-05T07:40:59.479Z'
}
{
  message: 'successfully connected to Database',
  level: 'info',
  label: 'Fahad Uni',
  timestamp: '2023-06-05T07:41:48.522Z'
}
{
  message: 'Example app listening on port 5000',
  level: 'info',
  label: 'Fahad Uni',
  timestamp: '2023-06-05T07:41:48.528Z'
}
{
  message: 'successfully connected to Database',
  level: 'info',
  label: 'Fahad Uni',
  timestamp: '2023-06-05T07:41:52.506Z'
}
{
  message: 'Example app listening on port 5000',
  level: 'info',
  label: 'Fahad Uni',
  timestamp: '2023-06-05T07:41:52.513Z'
}
{
  message: 'successfully connected to Database',
  level: 'info',
  label: 'Fahad Uni',
  timestamp: '2023-06-05T07:43:35.050Z'
}
{
  message: 'Example app listening on port 5000',
  level: 'info',
  label: 'Fahad Uni',
  timestamp: '2023-06-05T07:43:35.060Z'
}
{
  message: 'successfully connected to Database',
  level: 'info',
  label: 'Fahad Uni',
  timestamp: '2023-06-05T07:43:49.202Z'
}
{
  message: 'Example app listening on port 5000',
  level: 'info',
  label: 'Fahad Uni',
  timestamp: '2023-06-05T07:43:49.208Z'
}
{
  message: 'successfully connected to Database',
  level: 'info',
  label: 'Fahad Uni',
  timestamp: '2023-06-05T07:44:18.792Z'
}
{
  message: 'Example app listening on port 5000',
  level: 'info',
  label: 'Fahad Uni',
  timestamp: '2023-06-05T07:44:18.810Z'
}
{
  message: 'successfully connected to Database',
  level: 'info',
  label: 'Fahad Uni',
  timestamp: '2023-06-05T07:44:27.943Z'
}
{
  message: 'Example app listening on port 5000',
  level: 'info',
  label: 'Fahad Uni',
  timestamp: '2023-06-05T07:44:27.958Z'
}
{
  message: 'successfully connected to Database',
  level: 'info',
  label: 'Fahad Uni',
  timestamp: '2023-06-05T07:44:34.752Z'
}
{
  message: 'Example app listening on port 5000',
  level: 'info',
  label: 'Fahad Uni',
  timestamp: '2023-06-05T07:44:34.759Z'
}
{
  message: 'successfully connected to Database',
  level: 'info',
  label: 'Fahad Uni',
  timestamp: '2023-06-05T07:44:36.578Z'
}
{
  message: 'Example app listening on port 5000',
  level: 'info',
  label: 'Fahad Uni',
  timestamp: '2023-06-05T07:44:36.584Z'
}
{
  message: 'successfully connected to Database',
  level: 'info',
  label: 'Fahad Uni',
  timestamp: '2023-06-05T07:44:41.413Z'
}
{
  message: 'Example app listening on port 5000',
  level: 'info',
  label: 'Fahad Uni',
  timestamp: '2023-06-05T07:44:41.419Z'
}
{
  message: 'successfully connected to Database',
  level: 'info',
  label: 'Fahad Uni',
  timestamp: '2023-06-05T07:44:46.871Z'
}
{
  message: 'Example app listening on port 5000',
  level: 'info',
  label: 'Fahad Uni',
  timestamp: '2023-06-05T07:44:46.887Z'
}
{
  message: 'successfully connected to Database',
  level: 'info',
  label: 'Fahad Uni',
  timestamp: '2023-06-05T07:45:28.899Z'
}
{
  message: 'Example app listening on port 5000',
  level: 'info',
  label: 'Fahad Uni',
  timestamp: '2023-06-05T07:45:28.905Z'
}
{
  message: 'successfully connected to Database',
  level: 'info',
  label: 'Fahad Uni',
  timestamp: '2023-06-05T07:53:13.309Z'
}
{
  message: 'Example app listening on port 5000',
  level: 'info',
  label: 'Fahad Uni',
  timestamp: '2023-06-05T07:53:13.315Z'
}
{
  message: 'successfully connected to Database',
  level: 'info',
  label: 'Fahad Uni',
  timestamp: '2023-06-05T07:54:52.086Z'
}
{
  message: 'Example app listening on port 5000',
  level: 'info',
  label: 'Fahad Uni',
  timestamp: '2023-06-05T07:54:52.093Z'
}
{
  message: 'successfully connected to Database',
  level: 'info',
  label: 'Fahad Uni',
  timestamp: '2023-06-05T07:55:04.437Z'
}
{
  message: 'Example app listening on port 5000',
  level: 'info',
  label: 'Fahad Uni',
  timestamp: '2023-06-05T07:55:04.448Z'
}
{
  message: 'successfully connected to Database',
  level: 'info',
  label: 'Fahad Uni',
  timestamp: '2023-06-05T07:55:12.197Z'
}
{
  message: 'Example app listening on port 5000',
  level: 'info',
  label: 'Fahad Uni',
  timestamp: '2023-06-05T07:55:12.211Z'
}
{
  message: 'successfully connected to Database',
  level: 'info',
  label: 'Fahad Uni',
  timestamp: '2023-06-05T07:55:17.282Z'
}
{
  message: 'Example app listening on port 5000',
  level: 'info',
  label: 'Fahad Uni',
  timestamp: '2023-06-05T07:55:17.291Z'
}
{
  message: 'successfully connected to Database',
  level: 'info',
  label: 'Fahad Uni',
  timestamp: '2023-06-05T07:55:20.534Z'
}
{
  message: 'Example app listening on port 5000',
  level: 'info',
  label: 'Fahad Uni',
  timestamp: '2023-06-05T07:55:20.540Z'
}
{
  message: 'successfully connected to Database',
  level: 'info',
  label: 'Fahad Uni',
  timestamp: '2023-06-05T07:55:25.064Z'
}
{
  message: 'Example app listening on port 5000',
  level: 'info',
  label: 'Fahad Uni',
  timestamp: '2023-06-05T07:55:25.070Z'
}
{
  message: 'successfully connected to Database',
  level: 'info',
  label: 'Fahad Uni',
  timestamp: '2023-06-05T07:55:49.679Z'
}
{
  message: 'Example app listening on port 5000',
  level: 'info',
  label: 'Fahad Uni',
  timestamp: '2023-06-05T07:55:49.696Z'
}
{
  message: 'successfully connected to Database',
  level: 'info',
  label: 'Fahad Uni',
  timestamp: '2023-06-05T07:55:54.920Z'
}
{
  message: 'Example app listening on port 5000',
  level: 'info',
  label: 'Fahad Uni',
  timestamp: '2023-06-05T07:55:54.940Z'
}
{
  message: 'successfully connected to Database',
  level: 'info',
  label: 'Fahad Uni',
  timestamp: '2023-06-05T07:56:05.542Z'
}
{
  message: 'Example app listening on port 5000',
  level: 'info',
  label: 'Fahad Uni',
  timestamp: '2023-06-05T07:56:05.548Z'
}
