{
  message: 'successfully connected to Database',
  level: 'info',
  label: 'Fahad Uni',
  timestamp: '2023-06-04T14:01:11.378Z'
}
{
  message: 'Example app listening on port 5000',
  level: 'info',
  label: 'Fahad Uni',
  timestamp: '2023-06-04T14:01:11.384Z'
}
{
  message: 'successfully connected to Database',
  level: 'info',
  label: 'Fahad Uni',
  timestamp: '2023-06-04T14:01:22.878Z'
}
{
  message: 'Example app listening on port 5000',
  level: 'info',
  label: 'Fahad Uni',
  timestamp: '2023-06-04T14:01:22.884Z'
}
{
  message: 'successfully connected to Database',
  level: 'info',
  label: 'Fahad Uni',
  timestamp: '2023-06-04T14:01:25.979Z'
}
{
  message: 'Example app listening on port 5000',
  level: 'info',
  label: 'Fahad Uni',
  timestamp: '2023-06-04T14:01:25.997Z'
}
{
  message: 'successfully connected to Database',
  level: 'info',
  label: 'Fahad Uni',
  timestamp: '2023-06-04T14:02:31.960Z'
}
{
  message: 'Example app listening on port 5000',
  level: 'info',
  label: 'Fahad Uni',
  timestamp: '2023-06-04T14:02:31.968Z'
}
{
  message: 'successfully connected to Database',
  level: 'info',
  label: 'Fahad Uni',
  timestamp: '2023-06-04T14:03:03.398Z'
}
{
  message: 'Example app listening on port 5000',
  level: 'info',
  label: 'Fahad Uni',
  timestamp: '2023-06-04T14:03:03.405Z'
}
{
  message: 'successfully connected to Database',
  level: 'info',
  label: 'Fahad Uni',
  timestamp: '2023-06-04T14:09:52.163Z'
}
{
  message: 'Example app listening on port 5000',
  level: 'info',
  label: 'Fahad Uni',
  timestamp: '2023-06-04T14:09:52.173Z'
}
{
  message: 'successfully connected to Database',
  level: 'info',
  label: 'Fahad Uni',
  timestamp: '2023-06-04T14:28:01.695Z'
}
{
  message: 'Example app listening on port 5000',
  level: 'info',
  label: 'Fahad Uni',
  timestamp: '2023-06-04T14:28:01.712Z'
}
{
  message: 'successfully connected to Database',
  level: 'info',
  label: 'Fahad Uni',
  timestamp: '2023-06-04T14:32:50.277Z'
}
{
  message: 'Example app listening on port 5000',
  level: 'info',
  label: 'Fahad Uni',
  timestamp: '2023-06-04T14:32:50.284Z'
}
{
  message: 'successfully connected to Database',
  level: 'info',
  label: 'Fahad Uni',
  timestamp: '2023-06-04T14:33:03.151Z'
}
{
  message: 'Example app listening on port 5000',
  level: 'info',
  label: 'Fahad Uni',
  timestamp: '2023-06-04T14:33:03.157Z'
}
{
  message: 'successfully connected to Database',
  level: 'info',
  label: 'Fahad Uni',
  timestamp: '2023-06-04T14:33:09.396Z'
}
{
  message: 'Example app listening on port 5000',
  level: 'info',
  label: 'Fahad Uni',
  timestamp: '2023-06-04T14:33:09.402Z'
}
{
  message: 'successfully connected to Database',
  level: 'info',
  label: 'Fahad Uni',
  timestamp: '2023-06-04T14:33:11.353Z'
}
{
  message: 'Example app listening on port 5000',
  level: 'info',
  label: 'Fahad Uni',
  timestamp: '2023-06-04T14:33:11.362Z'
}
{
  message: 'successfully connected to Database',
  level: 'info',
  label: 'Fahad Uni',
  timestamp: '2023-06-04T14:33:51.949Z'
}
{
  message: 'Example app listening on port 5000',
  level: 'info',
  label: 'Fahad Uni',
  timestamp: '2023-06-04T14:33:51.963Z'
}
{
  message: 'successfully connected to Database',
  level: 'info',
  label: 'Fahad Uni',
  timestamp: '2023-06-04T14:33:56.041Z'
}
{
  message: 'Example app listening on port 5000',
  level: 'info',
  label: 'Fahad Uni',
  timestamp: '2023-06-04T14:33:56.048Z'
}
{
  message: 'successfully connected to Database',
  level: 'info',
  label: 'Fahad Uni',
  timestamp: '2023-06-04T14:34:02.974Z'
}
{
  message: 'Example app listening on port 5000',
  level: 'info',
  label: 'Fahad Uni',
  timestamp: '2023-06-04T14:34:02.981Z'
}
{
  message: 'successfully connected to Database',
  level: 'info',
  label: 'Fahad Uni',
  timestamp: '2023-06-04T14:34:09.302Z'
}
{
  message: 'Example app listening on port 5000',
  level: 'info',
  label: 'Fahad Uni',
  timestamp: '2023-06-04T14:34:09.309Z'
}
{
  message: 'successfully connected to Database',
  level: 'info',
  label: 'Fahad Uni',
  timestamp: '2023-06-04T14:34:17.915Z'
}
{
  message: 'Example app listening on port 5000',
  level: 'info',
  label: 'Fahad Uni',
  timestamp: '2023-06-04T14:34:17.921Z'
}
{
  message: 'successfully connected to Database',
  level: 'info',
  label: 'Fahad Uni',
  timestamp: '2023-06-04T14:54:32.800Z'
}
{
  message: 'Example app listening on port 5000',
  level: 'info',
  label: 'Fahad Uni',
  timestamp: '2023-06-04T14:54:32.806Z'
}
