{
  message: 'successfully connected to Database',
  level: 'info',
  label: 'Fahad Uni',
  timestamp: '2023-06-04T15:02:12.017Z'
}
{
  message: 'Example app listening on port 5000',
  level: 'info',
  label: 'Fahad Uni',
  timestamp: '2023-06-04T15:02:12.025Z'
}
{
  message: 'successfully connected to Database',
  level: 'info',
  label: 'Fahad Uni',
  timestamp: '2023-06-04T15:02:30.733Z'
}
{
  message: 'Example app listening on port 5000',
  level: 'info',
  label: 'Fahad Uni',
  timestamp: '2023-06-04T15:02:30.740Z'
}
{
  message: 'successfully connected to Database',
  level: 'info',
  label: 'Fahad Uni',
  timestamp: '2023-06-04T15:02:39.272Z'
}
{
  message: 'Example app listening on port 5000',
  level: 'info',
  label: 'Fahad Uni',
  timestamp: '2023-06-04T15:02:39.278Z'
}
{
  message: 'successfully connected to Database',
  level: 'info',
  label: 'Fahad Uni',
  timestamp: '2023-06-04T15:05:11.378Z'
}
{
  message: 'Example app listening on port 5000',
  level: 'info',
  label: 'Fahad Uni',
  timestamp: '2023-06-04T15:05:11.385Z'
}
{
  message: 'successfully connected to Database',
  level: 'info',
  label: 'Fahad Uni',
  timestamp: '2023-06-04T15:05:30.967Z'
}
{
  message: 'Example app listening on port 5000',
  level: 'info',
  label: 'Fahad Uni',
  timestamp: '2023-06-04T15:05:30.974Z'
}
{
  message: 'successfully connected to Database',
  level: 'info',
  label: 'Fahad Uni',
  timestamp: '2023-06-04T15:06:32.337Z'
}
{
  message: 'Example app listening on port 5000',
  level: 'info',
  label: 'Fahad Uni',
  timestamp: '2023-06-04T15:06:32.343Z'
}
{
  message: 'successfully connected to Database',
  level: 'info',
  label: 'Fahad Uni',
  timestamp: '2023-06-04T15:06:35.810Z'
}
{
  message: 'Example app listening on port 5000',
  level: 'info',
  label: 'Fahad Uni',
  timestamp: '2023-06-04T15:06:35.818Z'
}
{
  message: 'successfully connected to Database',
  level: 'info',
  label: 'Fahad Uni',
  timestamp: '2023-06-04T15:07:28.232Z'
}
{
  message: 'Example app listening on port 5000',
  level: 'info',
  label: 'Fahad Uni',
  timestamp: '2023-06-04T15:07:28.241Z'
}
{
  message: 'successfully connected to Database',
  level: 'info',
  label: 'Fahad Uni',
  timestamp: '2023-06-04T15:07:36.240Z'
}
{
  message: 'Example app listening on port 5000',
  level: 'info',
  label: 'Fahad Uni',
  timestamp: '2023-06-04T15:07:36.246Z'
}
{
  message: 'successfully connected to Database',
  level: 'info',
  label: 'Fahad Uni',
  timestamp: '2023-06-04T15:07:41.291Z'
}
{
  message: 'Example app listening on port 5000',
  level: 'info',
  label: 'Fahad Uni',
  timestamp: '2023-06-04T15:07:41.298Z'
}
{
  message: 'successfully connected to Database',
  level: 'info',
  label: 'Fahad Uni',
  timestamp: '2023-06-04T15:11:17.539Z'
}
{
  message: 'Example app listening on port 5000',
  level: 'info',
  label: 'Fahad Uni',
  timestamp: '2023-06-04T15:11:17.544Z'
}
{
  message: 'successfully connected to Database',
  level: 'info',
  label: 'Fahad Uni',
  timestamp: '2023-06-04T15:13:57.036Z'
}
{
  message: 'Example app listening on port 5000',
  level: 'info',
  label: 'Fahad Uni',
  timestamp: '2023-06-04T15:13:57.050Z'
}
{
  message: 'successfully connected to Database',
  level: 'info',
  label: 'Fahad Uni',
  timestamp: '2023-06-04T15:16:26.389Z'
}
{
  message: 'Example app listening on port 5000',
  level: 'info',
  label: 'Fahad Uni',
  timestamp: '2023-06-04T15:16:26.396Z'
}
{
  message: 'successfully connected to Database',
  level: 'info',
  label: 'Fahad Uni',
  timestamp: '2023-06-04T15:16:28.805Z'
}
{
  message: 'Example app listening on port 5000',
  level: 'info',
  label: 'Fahad Uni',
  timestamp: '2023-06-04T15:16:28.813Z'
}
{
  message: 'successfully connected to Database',
  level: 'info',
  label: 'Fahad Uni',
  timestamp: '2023-06-04T15:19:38.338Z'
}
{
  message: 'Example app listening on port 5000',
  level: 'info',
  label: 'Fahad Uni',
  timestamp: '2023-06-04T15:19:38.345Z'
}
{
  message: 'successfully connected to Database',
  level: 'info',
  label: 'Fahad Uni',
  timestamp: '2023-06-04T15:21:07.071Z'
}
{
  message: 'Example app listening on port 5000',
  level: 'info',
  label: 'Fahad Uni',
  timestamp: '2023-06-04T15:21:07.077Z'
}
{
  message: 'successfully connected to Database',
  level: 'info',
  label: 'Fahad Uni',
  timestamp: '2023-06-04T15:25:41.515Z'
}
{
  message: 'Example app listening on port 5000',
  level: 'info',
  label: 'Fahad Uni',
  timestamp: '2023-06-04T15:25:41.522Z'
}
{
  message: 'successfully connected to Database',
  level: 'info',
  label: 'Fahad Uni',
  timestamp: '2023-06-04T15:25:44.904Z'
}
{
  message: 'Example app listening on port 5000',
  level: 'info',
  label: 'Fahad Uni',
  timestamp: '2023-06-04T15:25:44.910Z'
}
{
  message: 'successfully connected to Database',
  level: 'info',
  label: 'Fahad Uni',
  timestamp: '2023-06-04T15:25:46.803Z'
}
{
  message: 'Example app listening on port 5000',
  level: 'info',
  label: 'Fahad Uni',
  timestamp: '2023-06-04T15:25:46.810Z'
}
{
  message: 'successfully connected to Database',
  level: 'info',
  label: 'Fahad Uni',
  timestamp: '2023-06-04T15:25:53.759Z'
}
{
  message: 'Example app listening on port 5000',
  level: 'info',
  label: 'Fahad Uni',
  timestamp: '2023-06-04T15:25:53.767Z'
}
{
  message: 'successfully connected to Database',
  level: 'info',
  label: 'Fahad Uni',
  timestamp: '2023-06-04T15:25:57.605Z'
}
{
  message: 'Example app listening on port 5000',
  level: 'info',
  label: 'Fahad Uni',
  timestamp: '2023-06-04T15:25:57.615Z'
}
{
  message: 'successfully connected to Database',
  level: 'info',
  label: 'Fahad Uni',
  timestamp: '2023-06-04T15:26:26.436Z'
}
{
  message: 'Example app listening on port 5000',
  level: 'info',
  label: 'Fahad Uni',
  timestamp: '2023-06-04T15:26:26.442Z'
}
{
  message: 'successfully connected to Database',
  level: 'info',
  label: 'Fahad Uni',
  timestamp: '2023-06-04T15:26:37.382Z'
}
{
  message: 'Example app listening on port 5000',
  level: 'info',
  label: 'Fahad Uni',
  timestamp: '2023-06-04T15:26:37.389Z'
}
{
  message: 'successfully connected to Database',
  level: 'info',
  label: 'Fahad Uni',
  timestamp: '2023-06-04T15:32:00.697Z'
}
{
  message: 'Example app listening on port 5000',
  level: 'info',
  label: 'Fahad Uni',
  timestamp: '2023-06-04T15:32:00.702Z'
}
{
  message: 'successfully connected to Database',
  level: 'info',
  label: 'Fahad Uni',
  timestamp: '2023-06-04T15:35:05.647Z'
}
{
  message: 'Example app listening on port 5000',
  level: 'info',
  label: 'Fahad Uni',
  timestamp: '2023-06-04T15:35:05.660Z'
}
{
  message: 'successfully connected to Database',
  level: 'info',
  label: 'Fahad Uni',
  timestamp: '2023-06-04T15:50:22.445Z'
}
{
  message: 'Example app listening on port 5000',
  level: 'info',
  label: 'Fahad Uni',
  timestamp: '2023-06-04T15:50:22.453Z'
}
{
  message: 'successfully connected to Database',
  level: 'info',
  label: 'Fahad Uni',
  timestamp: '2023-06-04T15:50:26.550Z'
}
{
  message: 'Example app listening on port 5000',
  level: 'info',
  label: 'Fahad Uni',
  timestamp: '2023-06-04T15:50:26.558Z'
}
{
  message: 'successfully connected to Database',
  level: 'info',
  label: 'Fahad Uni',
  timestamp: '2023-06-04T15:55:04.167Z'
}
{
  message: 'Example app listening on port 5000',
  level: 'info',
  label: 'Fahad Uni',
  timestamp: '2023-06-04T15:55:04.173Z'
}
{
  message: 'successfully connected to Database',
  level: 'info',
  label: 'Fahad Uni',
  timestamp: '2023-06-04T15:55:09.104Z'
}
{
  message: 'Example app listening on port 5000',
  level: 'info',
  label: 'Fahad Uni',
  timestamp: '2023-06-04T15:55:09.113Z'
}
{
  message: 'successfully connected to Database',
  level: 'info',
  label: 'Fahad Uni',
  timestamp: '2023-06-04T15:56:13.691Z'
}
{
  message: 'Example app listening on port 5000',
  level: 'info',
  label: 'Fahad Uni',
  timestamp: '2023-06-04T15:56:13.699Z'
}
{
  message: 'successfully connected to Database',
  level: 'info',
  label: 'Fahad Uni',
  timestamp: '2023-06-04T15:56:33.594Z'
}
{
  message: 'Example app listening on port 5000',
  level: 'info',
  label: 'Fahad Uni',
  timestamp: '2023-06-04T15:56:33.600Z'
}
{
  message: 'successfully connected to Database',
  level: 'info',
  label: 'Fahad Uni',
  timestamp: '2023-06-04T15:56:53.868Z'
}
{
  message: 'Example app listening on port 5000',
  level: 'info',
  label: 'Fahad Uni',
  timestamp: '2023-06-04T15:56:53.875Z'
}
{
  message: 'successfully connected to Database',
  level: 'info',
  label: 'Fahad Uni',
  timestamp: '2023-06-04T15:56:58.026Z'
}
{
  message: 'Example app listening on port 5000',
  level: 'info',
  label: 'Fahad Uni',
  timestamp: '2023-06-04T15:56:58.032Z'
}
{
  message: 'successfully connected to Database',
  level: 'info',
  label: 'Fahad Uni',
  timestamp: '2023-06-04T15:57:06.693Z'
}
{
  message: 'Example app listening on port 5000',
  level: 'info',
  label: 'Fahad Uni',
  timestamp: '2023-06-04T15:57:06.699Z'
}
{
  message: 'successfully connected to Database',
  level: 'info',
  label: 'Fahad Uni',
  timestamp: '2023-06-04T15:57:13.298Z'
}
{
  message: 'Example app listening on port 5000',
  level: 'info',
  label: 'Fahad Uni',
  timestamp: '2023-06-04T15:57:13.312Z'
}
{
  message: 'successfully connected to Database',
  level: 'info',
  label: 'Fahad Uni',
  timestamp: '2023-06-04T15:57:17.100Z'
}
{
  message: 'Example app listening on port 5000',
  level: 'info',
  label: 'Fahad Uni',
  timestamp: '2023-06-04T15:57:17.107Z'
}
{
  message: 'successfully connected to Database',
  level: 'info',
  label: 'Fahad Uni',
  timestamp: '2023-06-04T15:57:33.227Z'
}
{
  message: 'Example app listening on port 5000',
  level: 'info',
  label: 'Fahad Uni',
  timestamp: '2023-06-04T15:57:33.234Z'
}
{
  message: 'successfully connected to Database',
  level: 'info',
  label: 'Fahad Uni',
  timestamp: '2023-06-04T15:57:39.068Z'
}
{
  message: 'Example app listening on port 5000',
  level: 'info',
  label: 'Fahad Uni',
  timestamp: '2023-06-04T15:57:39.083Z'
}
{
  message: 'successfully connected to Database',
  level: 'info',
  label: 'Fahad Uni',
  timestamp: '2023-06-04T15:57:47.156Z'
}
{
  message: 'Example app listening on port 5000',
  level: 'info',
  label: 'Fahad Uni',
  timestamp: '2023-06-04T15:57:47.163Z'
}
{
  message: 'successfully connected to Database',
  level: 'info',
  label: 'Fahad Uni',
  timestamp: '2023-06-04T15:58:16.583Z'
}
{
  message: 'Example app listening on port 5000',
  level: 'info',
  label: 'Fahad Uni',
  timestamp: '2023-06-04T15:58:16.598Z'
}
{
  message: 'successfully connected to Database',
  level: 'info',
  label: 'Fahad Uni',
  timestamp: '2023-06-04T15:58:28.616Z'
}
{
  message: 'Example app listening on port 5000',
  level: 'info',
  label: 'Fahad Uni',
  timestamp: '2023-06-04T15:58:28.624Z'
}
