{
  message: 'successfully connected to Database',
  level: 'info',
  label: 'Fahad Uni',
  timestamp: '2023-06-20T19:18:46.649Z'
}
{
  message: 'Example app listening on port 5500',
  level: 'info',
  label: 'Fahad Uni',
  timestamp: '2023-06-20T19:18:46.656Z'
}
{
  message: 'successfully connected to Database',
  level: 'info',
  label: 'Fahad Uni',
  timestamp: '2023-06-20T19:21:07.299Z'
}
{
  message: 'Example app listening on port 5500',
  level: 'info',
  label: 'Fahad Uni',
  timestamp: '2023-06-20T19:21:07.306Z'
}
{
  message: 'successfully connected to Database',
  level: 'info',
  label: 'Fahad Uni',
  timestamp: '2023-06-20T19:32:23.865Z'
}
{
  message: 'Example app listening on port 5500',
  level: 'info',
  label: 'Fahad Uni',
  timestamp: '2023-06-20T19:32:23.873Z'
}
