{
  message: 'successfully connected to Database',
  level: 'info',
  label: 'Fahad Uni',
  timestamp: '2023-06-12T14:08:08.777Z'
}
{
  message: 'Example app listening on port 5500',
  level: 'info',
  label: 'Fahad Uni',
  timestamp: '2023-06-12T14:08:08.790Z'
}
{
  message: 'successfully connected to Database',
  level: 'info',
  label: 'Fahad Uni',
  timestamp: '2023-06-12T14:10:24.539Z'
}
{
  message: 'Example app listening on port 5500',
  level: 'info',
  label: 'Fahad Uni',
  timestamp: '2023-06-12T14:10:24.546Z'
}
{
  message: 'successfully connected to Database',
  level: 'info',
  label: 'Fahad Uni',
  timestamp: '2023-06-12T14:10:40.637Z'
}
{
  message: 'Example app listening on port 5500',
  level: 'info',
  label: 'Fahad Uni',
  timestamp: '2023-06-12T14:10:40.645Z'
}
{
  message: 'successfully connected to Database',
  level: 'info',
  label: 'Fahad Uni',
  timestamp: '2023-06-12T14:12:54.569Z'
}
{
  message: 'Example app listening on port 5500',
  level: 'info',
  label: 'Fahad Uni',
  timestamp: '2023-06-12T14:12:54.575Z'
}
{
  message: 'successfully connected to Database',
  level: 'info',
  label: 'Fahad Uni',
  timestamp: '2023-06-12T14:21:20.300Z'
}
{
  message: 'Example app listening on port 5500',
  level: 'info',
  label: 'Fahad Uni',
  timestamp: '2023-06-12T14:21:20.309Z'
}
{
  message: 'successfully connected to Database',
  level: 'info',
  label: 'Fahad Uni',
  timestamp: '2023-06-12T14:21:23.414Z'
}
{
  message: 'Example app listening on port 5500',
  level: 'info',
  label: 'Fahad Uni',
  timestamp: '2023-06-12T14:21:23.424Z'
}
{
  message: 'successfully connected to Database',
  level: 'info',
  label: 'Fahad Uni',
  timestamp: '2023-06-12T14:21:34.182Z'
}
{
  message: 'Example app listening on port 5500',
  level: 'info',
  label: 'Fahad Uni',
  timestamp: '2023-06-12T14:21:34.190Z'
}
{
  message: 'successfully connected to Database',
  level: 'info',
  label: 'Fahad Uni',
  timestamp: '2023-06-12T14:21:51.005Z'
}
{
  message: 'Example app listening on port 5500',
  level: 'info',
  label: 'Fahad Uni',
  timestamp: '2023-06-12T14:21:51.012Z'
}
{
  message: 'successfully connected to Database',
  level: 'info',
  label: 'Fahad Uni',
  timestamp: '2023-06-12T14:22:04.455Z'
}
{
  message: 'Example app listening on port 5500',
  level: 'info',
  label: 'Fahad Uni',
  timestamp: '2023-06-12T14:22:04.463Z'
}
{
  message: 'successfully connected to Database',
  level: 'info',
  label: 'Fahad Uni',
  timestamp: '2023-06-12T14:23:35.201Z'
}
{
  message: 'Example app listening on port 5500',
  level: 'info',
  label: 'Fahad Uni',
  timestamp: '2023-06-12T14:23:35.210Z'
}
{
  message: 'successfully connected to Database',
  level: 'info',
  label: 'Fahad Uni',
  timestamp: '2023-06-12T14:23:38.518Z'
}
{
  message: 'Example app listening on port 5500',
  level: 'info',
  label: 'Fahad Uni',
  timestamp: '2023-06-12T14:23:38.528Z'
}
{
  message: 'successfully connected to Database',
  level: 'info',
  label: 'Fahad Uni',
  timestamp: '2023-06-12T14:24:04.721Z'
}
{
  message: 'Example app listening on port 5500',
  level: 'info',
  label: 'Fahad Uni',
  timestamp: '2023-06-12T14:24:04.735Z'
}
{
  message: 'successfully connected to Database',
  level: 'info',
  label: 'Fahad Uni',
  timestamp: '2023-06-12T14:24:11.387Z'
}
{
  message: 'Example app listening on port 5500',
  level: 'info',
  label: 'Fahad Uni',
  timestamp: '2023-06-12T14:24:11.393Z'
}
{
  message: 'successfully connected to Database',
  level: 'info',
  label: 'Fahad Uni',
  timestamp: '2023-06-12T14:24:28.552Z'
}
{
  message: 'Example app listening on port 5500',
  level: 'info',
  label: 'Fahad Uni',
  timestamp: '2023-06-12T14:24:28.569Z'
}
{
  message: 'successfully connected to Database',
  level: 'info',
  label: 'Fahad Uni',
  timestamp: '2023-06-12T14:24:51.211Z'
}
{
  message: 'Example app listening on port 5500',
  level: 'info',
  label: 'Fahad Uni',
  timestamp: '2023-06-12T14:24:51.222Z'
}
{
  message: 'successfully connected to Database',
  level: 'info',
  label: 'Fahad Uni',
  timestamp: '2023-06-12T14:24:57.722Z'
}
{
  message: 'Example app listening on port 5500',
  level: 'info',
  label: 'Fahad Uni',
  timestamp: '2023-06-12T14:24:57.734Z'
}
{
  message: 'successfully connected to Database',
  level: 'info',
  label: 'Fahad Uni',
  timestamp: '2023-06-12T14:25:05.135Z'
}
{
  message: 'Example app listening on port 5500',
  level: 'info',
  label: 'Fahad Uni',
  timestamp: '2023-06-12T14:25:05.142Z'
}
{
  message: 'successfully connected to Database',
  level: 'info',
  label: 'Fahad Uni',
  timestamp: '2023-06-12T14:25:51.246Z'
}
{
  message: 'Example app listening on port 5500',
  level: 'info',
  label: 'Fahad Uni',
  timestamp: '2023-06-12T14:25:51.254Z'
}
{
  message: 'successfully connected to Database',
  level: 'info',
  label: 'Fahad Uni',
  timestamp: '2023-06-12T14:25:58.854Z'
}
{
  message: 'Example app listening on port 5500',
  level: 'info',
  label: 'Fahad Uni',
  timestamp: '2023-06-12T14:25:58.867Z'
}
{
  message: 'successfully connected to Database',
  level: 'info',
  label: 'Fahad Uni',
  timestamp: '2023-06-12T14:26:03.877Z'
}
{
  message: 'Example app listening on port 5500',
  level: 'info',
  label: 'Fahad Uni',
  timestamp: '2023-06-12T14:26:03.888Z'
}
{
  message: 'successfully connected to Database',
  level: 'info',
  label: 'Fahad Uni',
  timestamp: '2023-06-12T14:26:13.791Z'
}
{
  message: 'Example app listening on port 5500',
  level: 'info',
  label: 'Fahad Uni',
  timestamp: '2023-06-12T14:26:13.809Z'
}
{
  message: 'successfully connected to Database',
  level: 'info',
  label: 'Fahad Uni',
  timestamp: '2023-06-12T14:26:19.831Z'
}
{
  message: 'Example app listening on port 5500',
  level: 'info',
  label: 'Fahad Uni',
  timestamp: '2023-06-12T14:26:19.838Z'
}
{
  message: 'successfully connected to Database',
  level: 'info',
  label: 'Fahad Uni',
  timestamp: '2023-06-12T14:27:20.896Z'
}
{
  message: 'Example app listening on port 5500',
  level: 'info',
  label: 'Fahad Uni',
  timestamp: '2023-06-12T14:27:20.909Z'
}
{
  message: 'successfully connected to Database',
  level: 'info',
  label: 'Fahad Uni',
  timestamp: '2023-06-12T14:27:24.430Z'
}
{
  message: 'Example app listening on port 5500',
  level: 'info',
  label: 'Fahad Uni',
  timestamp: '2023-06-12T14:27:24.446Z'
}
{
  message: 'successfully connected to Database',
  level: 'info',
  label: 'Fahad Uni',
  timestamp: '2023-06-12T14:27:32.164Z'
}
{
  message: 'Example app listening on port 5500',
  level: 'info',
  label: 'Fahad Uni',
  timestamp: '2023-06-12T14:27:32.171Z'
}
{
  message: 'successfully connected to Database',
  level: 'info',
  label: 'Fahad Uni',
  timestamp: '2023-06-12T14:28:01.924Z'
}
{
  message: 'Example app listening on port 5500',
  level: 'info',
  label: 'Fahad Uni',
  timestamp: '2023-06-12T14:28:01.931Z'
}
{
  message: 'successfully connected to Database',
  level: 'info',
  label: 'Fahad Uni',
  timestamp: '2023-06-12T14:28:59.799Z'
}
{
  message: 'Example app listening on port 5500',
  level: 'info',
  label: 'Fahad Uni',
  timestamp: '2023-06-12T14:28:59.808Z'
}
{
  message: 'successfully connected to Database',
  level: 'info',
  label: 'Fahad Uni',
  timestamp: '2023-06-12T14:29:10.284Z'
}
{
  message: 'Example app listening on port 5500',
  level: 'info',
  label: 'Fahad Uni',
  timestamp: '2023-06-12T14:29:10.292Z'
}
{
  message: 'successfully connected to Database',
  level: 'info',
  label: 'Fahad Uni',
  timestamp: '2023-06-12T14:31:33.212Z'
}
{
  message: 'Example app listening on port 5500',
  level: 'info',
  label: 'Fahad Uni',
  timestamp: '2023-06-12T14:31:33.229Z'
}
{
  message: 'successfully connected to Database',
  level: 'info',
  label: 'Fahad Uni',
  timestamp: '2023-06-12T14:31:37.309Z'
}
{
  message: 'Example app listening on port 5500',
  level: 'info',
  label: 'Fahad Uni',
  timestamp: '2023-06-12T14:31:37.315Z'
}
{
  message: 'successfully connected to Database',
  level: 'info',
  label: 'Fahad Uni',
  timestamp: '2023-06-12T14:31:39.626Z'
}
{
  message: 'Example app listening on port 5500',
  level: 'info',
  label: 'Fahad Uni',
  timestamp: '2023-06-12T14:31:39.633Z'
}
{
  message: 'successfully connected to Database',
  level: 'info',
  label: 'Fahad Uni',
  timestamp: '2023-06-12T14:31:51.397Z'
}
{
  message: 'Example app listening on port 5500',
  level: 'info',
  label: 'Fahad Uni',
  timestamp: '2023-06-12T14:31:51.412Z'
}
{
  message: 'successfully connected to Database',
  level: 'info',
  label: 'Fahad Uni',
  timestamp: '2023-06-12T14:31:56.889Z'
}
{
  message: 'Example app listening on port 5500',
  level: 'info',
  label: 'Fahad Uni',
  timestamp: '2023-06-12T14:31:56.901Z'
}
{
  message: 'successfully connected to Database',
  level: 'info',
  label: 'Fahad Uni',
  timestamp: '2023-06-12T14:32:12.184Z'
}
{
  message: 'Example app listening on port 5500',
  level: 'info',
  label: 'Fahad Uni',
  timestamp: '2023-06-12T14:32:12.191Z'
}
{
  message: 'successfully connected to Database',
  level: 'info',
  label: 'Fahad Uni',
  timestamp: '2023-06-12T14:32:25.412Z'
}
{
  message: 'Example app listening on port 5500',
  level: 'info',
  label: 'Fahad Uni',
  timestamp: '2023-06-12T14:32:25.419Z'
}
{
  message: 'successfully connected to Database',
  level: 'info',
  label: 'Fahad Uni',
  timestamp: '2023-06-12T14:32:30.861Z'
}
{
  message: 'Example app listening on port 5500',
  level: 'info',
  label: 'Fahad Uni',
  timestamp: '2023-06-12T14:32:30.869Z'
}
{
  message: 'successfully connected to Database',
  level: 'info',
  label: 'Fahad Uni',
  timestamp: '2023-06-12T14:36:17.050Z'
}
{
  message: 'Example app listening on port 5500',
  level: 'info',
  label: 'Fahad Uni',
  timestamp: '2023-06-12T14:36:17.057Z'
}
{
  message: 'successfully connected to Database',
  level: 'info',
  label: 'Fahad Uni',
  timestamp: '2023-06-12T14:38:53.280Z'
}
{
  message: 'Example app listening on port 5500',
  level: 'info',
  label: 'Fahad Uni',
  timestamp: '2023-06-12T14:38:53.290Z'
}
{
  message: 'successfully connected to Database',
  level: 'info',
  label: 'Fahad Uni',
  timestamp: '2023-06-12T14:39:10.841Z'
}
{
  message: 'Example app listening on port 5500',
  level: 'info',
  label: 'Fahad Uni',
  timestamp: '2023-06-12T14:39:10.848Z'
}
{
  message: 'successfully connected to Database',
  level: 'info',
  label: 'Fahad Uni',
  timestamp: '2023-06-12T14:40:57.318Z'
}
{
  message: 'Example app listening on port 5500',
  level: 'info',
  label: 'Fahad Uni',
  timestamp: '2023-06-12T14:40:57.334Z'
}
{
  message: 'successfully connected to Database',
  level: 'info',
  label: 'Fahad Uni',
  timestamp: '2023-06-12T14:41:41.962Z'
}
{
  message: 'Example app listening on port 5500',
  level: 'info',
  label: 'Fahad Uni',
  timestamp: '2023-06-12T14:41:41.968Z'
}
{
  message: 'successfully connected to Database',
  level: 'info',
  label: 'Fahad Uni',
  timestamp: '2023-06-12T14:43:32.154Z'
}
{
  message: 'Example app listening on port 5500',
  level: 'info',
  label: 'Fahad Uni',
  timestamp: '2023-06-12T14:43:32.161Z'
}
{
  message: 'successfully connected to Database',
  level: 'info',
  label: 'Fahad Uni',
  timestamp: '2023-06-12T14:43:37.552Z'
}
{
  message: 'Example app listening on port 5500',
  level: 'info',
  label: 'Fahad Uni',
  timestamp: '2023-06-12T14:43:37.559Z'
}
{
  message: 'successfully connected to Database',
  level: 'info',
  label: 'Fahad Uni',
  timestamp: '2023-06-12T14:46:53.864Z'
}
{
  message: 'Example app listening on port 5500',
  level: 'info',
  label: 'Fahad Uni',
  timestamp: '2023-06-12T14:46:53.877Z'
}
{
  message: 'successfully connected to Database',
  level: 'info',
  label: 'Fahad Uni',
  timestamp: '2023-06-12T14:47:02.196Z'
}
{
  message: 'Example app listening on port 5500',
  level: 'info',
  label: 'Fahad Uni',
  timestamp: '2023-06-12T14:47:02.203Z'
}
{
  message: 'successfully connected to Database',
  level: 'info',
  label: 'Fahad Uni',
  timestamp: '2023-06-12T14:47:15.712Z'
}
{
  message: 'Example app listening on port 5500',
  level: 'info',
  label: 'Fahad Uni',
  timestamp: '2023-06-12T14:47:15.718Z'
}
{
  message: 'successfully connected to Database',
  level: 'info',
  label: 'Fahad Uni',
  timestamp: '2023-06-12T14:48:50.165Z'
}
{
  message: 'Example app listening on port 5500',
  level: 'info',
  label: 'Fahad Uni',
  timestamp: '2023-06-12T14:48:50.179Z'
}
{
  message: 'successfully connected to Database',
  level: 'info',
  label: 'Fahad Uni',
  timestamp: '2023-06-12T14:49:09.640Z'
}
{
  message: 'Example app listening on port 5500',
  level: 'info',
  label: 'Fahad Uni',
  timestamp: '2023-06-12T14:49:09.655Z'
}
{
  message: 'successfully connected to Database',
  level: 'info',
  label: 'Fahad Uni',
  timestamp: '2023-06-12T14:50:56.110Z'
}
{
  message: 'Example app listening on port 5500',
  level: 'info',
  label: 'Fahad Uni',
  timestamp: '2023-06-12T14:50:56.116Z'
}
