{
  message: 'successfully connected to Database',
  level: 'info',
  label: 'Fahad Uni',
  timestamp: '2023-06-12T11:00:37.644Z'
}
{
  message: 'Example app listening on port 5500',
  level: 'info',
  label: 'Fahad Uni',
  timestamp: '2023-06-12T11:00:37.651Z'
}
{
  message: 'successfully connected to Database',
  level: 'info',
  label: 'Fahad Uni',
  timestamp: '2023-06-12T11:08:48.742Z'
}
{
  message: 'Example app listening on port 5500',
  level: 'info',
  label: 'Fahad Uni',
  timestamp: '2023-06-12T11:08:48.754Z'
}
{
  message: 'successfully connected to Database',
  level: 'info',
  label: 'Fahad Uni',
  timestamp: '2023-06-12T11:09:59.253Z'
}
{
  message: 'Example app listening on port 5500',
  level: 'info',
  label: 'Fahad Uni',
  timestamp: '2023-06-12T11:09:59.265Z'
}
{
  message: 'successfully connected to Database',
  level: 'info',
  label: 'Fahad Uni',
  timestamp: '2023-06-12T11:10:46.299Z'
}
{
  message: 'Example app listening on port 5500',
  level: 'info',
  label: 'Fahad Uni',
  timestamp: '2023-06-12T11:10:46.315Z'
}
{
  message: 'successfully connected to Database',
  level: 'info',
  label: 'Fahad Uni',
  timestamp: '2023-06-12T11:10:49.818Z'
}
{
  message: 'Example app listening on port 5500',
  level: 'info',
  label: 'Fahad Uni',
  timestamp: '2023-06-12T11:10:49.825Z'
}
{
  message: 'successfully connected to Database',
  level: 'info',
  label: 'Fahad Uni',
  timestamp: '2023-06-12T11:11:00.818Z'
}
{
  message: 'Example app listening on port 5500',
  level: 'info',
  label: 'Fahad Uni',
  timestamp: '2023-06-12T11:11:00.826Z'
}
{
  message: 'successfully connected to Database',
  level: 'info',
  label: 'Fahad Uni',
  timestamp: '2023-06-12T11:11:02.506Z'
}
{
  message: 'Example app listening on port 5500',
  level: 'info',
  label: 'Fahad Uni',
  timestamp: '2023-06-12T11:11:02.522Z'
}
{
  message: 'successfully connected to Database',
  level: 'info',
  label: 'Fahad Uni',
  timestamp: '2023-06-12T11:11:04.934Z'
}
{
  message: 'Example app listening on port 5500',
  level: 'info',
  label: 'Fahad Uni',
  timestamp: '2023-06-12T11:11:04.943Z'
}
{
  message: 'successfully connected to Database',
  level: 'info',
  label: 'Fahad Uni',
  timestamp: '2023-06-12T11:11:13.081Z'
}
{
  message: 'Example app listening on port 5500',
  level: 'info',
  label: 'Fahad Uni',
  timestamp: '2023-06-12T11:11:13.096Z'
}
{
  message: 'successfully connected to Database',
  level: 'info',
  label: 'Fahad Uni',
  timestamp: '2023-06-12T11:11:16.332Z'
}
{
  message: 'Example app listening on port 5500',
  level: 'info',
  label: 'Fahad Uni',
  timestamp: '2023-06-12T11:11:16.339Z'
}
{
  message: 'successfully connected to Database',
  level: 'info',
  label: 'Fahad Uni',
  timestamp: '2023-06-12T11:11:21.883Z'
}
{
  message: 'Example app listening on port 5500',
  level: 'info',
  label: 'Fahad Uni',
  timestamp: '2023-06-12T11:11:21.897Z'
}
{
  message: 'successfully connected to Database',
  level: 'info',
  label: 'Fahad Uni',
  timestamp: '2023-06-12T11:11:41.845Z'
}
{
  message: 'Example app listening on port 5500',
  level: 'info',
  label: 'Fahad Uni',
  timestamp: '2023-06-12T11:11:41.852Z'
}
{
  message: 'successfully connected to Database',
  level: 'info',
  label: 'Fahad Uni',
  timestamp: '2023-06-12T11:12:27.722Z'
}
{
  message: 'Example app listening on port 5500',
  level: 'info',
  label: 'Fahad Uni',
  timestamp: '2023-06-12T11:12:27.731Z'
}
{
  message: 'successfully connected to Database',
  level: 'info',
  label: 'Fahad Uni',
  timestamp: '2023-06-12T11:14:02.796Z'
}
{
  message: 'Example app listening on port 5500',
  level: 'info',
  label: 'Fahad Uni',
  timestamp: '2023-06-12T11:14:02.812Z'
}
{
  message: 'successfully connected to Database',
  level: 'info',
  label: 'Fahad Uni',
  timestamp: '2023-06-12T11:15:00.350Z'
}
{
  message: 'Example app listening on port 5500',
  level: 'info',
  label: 'Fahad Uni',
  timestamp: '2023-06-12T11:15:00.361Z'
}
{
  message: 'successfully connected to Database',
  level: 'info',
  label: 'Fahad Uni',
  timestamp: '2023-06-12T11:15:10.865Z'
}
{
  message: 'Example app listening on port 5500',
  level: 'info',
  label: 'Fahad Uni',
  timestamp: '2023-06-12T11:15:10.890Z'
}
{
  message: 'successfully connected to Database',
  level: 'info',
  label: 'Fahad Uni',
  timestamp: '2023-06-12T11:15:13.925Z'
}
{
  message: 'Example app listening on port 5500',
  level: 'info',
  label: 'Fahad Uni',
  timestamp: '2023-06-12T11:15:13.940Z'
}
{
  message: 'successfully connected to Database',
  level: 'info',
  label: 'Fahad Uni',
  timestamp: '2023-06-12T11:15:30.103Z'
}
{
  message: 'Example app listening on port 5500',
  level: 'info',
  label: 'Fahad Uni',
  timestamp: '2023-06-12T11:15:30.112Z'
}
{
  message: 'successfully connected to Database',
  level: 'info',
  label: 'Fahad Uni',
  timestamp: '2023-06-12T11:15:35.875Z'
}
{
  message: 'Example app listening on port 5500',
  level: 'info',
  label: 'Fahad Uni',
  timestamp: '2023-06-12T11:15:35.887Z'
}
{
  message: 'successfully connected to Database',
  level: 'info',
  label: 'Fahad Uni',
  timestamp: '2023-06-12T11:15:41.887Z'
}
{
  message: 'Example app listening on port 5500',
  level: 'info',
  label: 'Fahad Uni',
  timestamp: '2023-06-12T11:15:41.899Z'
}
{
  message: 'successfully connected to Database',
  level: 'info',
  label: 'Fahad Uni',
  timestamp: '2023-06-12T11:15:55.885Z'
}
{
  message: 'Example app listening on port 5500',
  level: 'info',
  label: 'Fahad Uni',
  timestamp: '2023-06-12T11:15:55.893Z'
}
{
  message: 'successfully connected to Database',
  level: 'info',
  label: 'Fahad Uni',
  timestamp: '2023-06-12T11:16:38.696Z'
}
{
  message: 'Example app listening on port 5500',
  level: 'info',
  label: 'Fahad Uni',
  timestamp: '2023-06-12T11:16:38.702Z'
}
{
  message: 'successfully connected to Database',
  level: 'info',
  label: 'Fahad Uni',
  timestamp: '2023-06-12T11:17:53.059Z'
}
{
  message: 'Example app listening on port 5500',
  level: 'info',
  label: 'Fahad Uni',
  timestamp: '2023-06-12T11:17:53.066Z'
}
{
  message: 'successfully connected to Database',
  level: 'info',
  label: 'Fahad Uni',
  timestamp: '2023-06-12T11:19:24.125Z'
}
{
  message: 'Example app listening on port 5500',
  level: 'info',
  label: 'Fahad Uni',
  timestamp: '2023-06-12T11:19:24.132Z'
}
{
  message: 'successfully connected to Database',
  level: 'info',
  label: 'Fahad Uni',
  timestamp: '2023-06-12T11:19:25.832Z'
}
{
  message: 'Example app listening on port 5500',
  level: 'info',
  label: 'Fahad Uni',
  timestamp: '2023-06-12T11:19:25.838Z'
}
{
  message: 'successfully connected to Database',
  level: 'info',
  label: 'Fahad Uni',
  timestamp: '2023-06-12T11:19:32.850Z'
}
{
  message: 'Example app listening on port 5500',
  level: 'info',
  label: 'Fahad Uni',
  timestamp: '2023-06-12T11:19:32.859Z'
}
{
  message: 'successfully connected to Database',
  level: 'info',
  label: 'Fahad Uni',
  timestamp: '2023-06-12T11:37:05.124Z'
}
{
  message: 'Example app listening on port 5500',
  level: 'info',
  label: 'Fahad Uni',
  timestamp: '2023-06-12T11:37:05.137Z'
}
