{
  message: 'successfully connected to Database',
  level: 'info',
  label: 'Fahad Uni',
  timestamp: '2023-06-05T08:20:12.945Z'
}
{
  message: 'Example app listening on port 5000',
  level: 'info',
  label: 'Fahad Uni',
  timestamp: '2023-06-05T08:20:12.951Z'
}
{
  message: 'successfully connected to Database',
  level: 'info',
  label: 'Fahad Uni',
  timestamp: '2023-06-05T08:20:33.653Z'
}
{
  message: 'Example app listening on port 5000',
  level: 'info',
  label: 'Fahad Uni',
  timestamp: '2023-06-05T08:20:33.667Z'
}
{
  message: 'successfully connected to Database',
  level: 'info',
  label: 'Fahad Uni',
  timestamp: '2023-06-05T08:21:04.070Z'
}
{
  message: 'Example app listening on port 5000',
  level: 'info',
  label: 'Fahad Uni',
  timestamp: '2023-06-05T08:21:04.077Z'
}
{
  message: 'successfully connected to Database',
  level: 'info',
  label: 'Fahad Uni',
  timestamp: '2023-06-05T08:21:10.614Z'
}
{
  message: 'Example app listening on port 5000',
  level: 'info',
  label: 'Fahad Uni',
  timestamp: '2023-06-05T08:21:10.624Z'
}
{
  message: 'successfully connected to Database',
  level: 'info',
  label: 'Fahad Uni',
  timestamp: '2023-06-05T08:21:13.324Z'
}
{
  message: 'Example app listening on port 5000',
  level: 'info',
  label: 'Fahad Uni',
  timestamp: '2023-06-05T08:21:13.330Z'
}
{
  message: 'successfully connected to Database',
  level: 'info',
  label: 'Fahad Uni',
  timestamp: '2023-06-05T08:21:16.075Z'
}
{
  message: 'Example app listening on port 5000',
  level: 'info',
  label: 'Fahad Uni',
  timestamp: '2023-06-05T08:21:16.082Z'
}
{
  message: 'successfully connected to Database',
  level: 'info',
  label: 'Fahad Uni',
  timestamp: '2023-06-05T08:21:21.809Z'
}
{
  message: 'Example app listening on port 5000',
  level: 'info',
  label: 'Fahad Uni',
  timestamp: '2023-06-05T08:21:21.825Z'
}
{
  message: 'successfully connected to Database',
  level: 'info',
  label: 'Fahad Uni',
  timestamp: '2023-06-05T08:21:34.832Z'
}
{
  message: 'Example app listening on port 5000',
  level: 'info',
  label: 'Fahad Uni',
  timestamp: '2023-06-05T08:21:34.845Z'
}
{
  message: 'successfully connected to Database',
  level: 'info',
  label: 'Fahad Uni',
  timestamp: '2023-06-05T08:21:37.916Z'
}
{
  message: 'Example app listening on port 5000',
  level: 'info',
  label: 'Fahad Uni',
  timestamp: '2023-06-05T08:21:37.926Z'
}
{
  message: 'successfully connected to Database',
  level: 'info',
  label: 'Fahad Uni',
  timestamp: '2023-06-05T08:21:46.481Z'
}
{
  message: 'Example app listening on port 5000',
  level: 'info',
  label: 'Fahad Uni',
  timestamp: '2023-06-05T08:21:46.487Z'
}
{
  message: 'successfully connected to Database',
  level: 'info',
  label: 'Fahad Uni',
  timestamp: '2023-06-05T08:21:51.806Z'
}
{
  message: 'Example app listening on port 5000',
  level: 'info',
  label: 'Fahad Uni',
  timestamp: '2023-06-05T08:21:51.820Z'
}
{
  message: 'successfully connected to Database',
  level: 'info',
  label: 'Fahad Uni',
  timestamp: '2023-06-05T08:21:56.374Z'
}
{
  message: 'Example app listening on port 5000',
  level: 'info',
  label: 'Fahad Uni',
  timestamp: '2023-06-05T08:21:56.379Z'
}
{
  message: 'successfully connected to Database',
  level: 'info',
  label: 'Fahad Uni',
  timestamp: '2023-06-05T08:22:55.401Z'
}
{
  message: 'Example app listening on port 5000',
  level: 'info',
  label: 'Fahad Uni',
  timestamp: '2023-06-05T08:22:55.415Z'
}
{
  message: 'successfully connected to Database',
  level: 'info',
  label: 'Fahad Uni',
  timestamp: '2023-06-05T08:23:51.535Z'
}
{
  message: 'Example app listening on port 5000',
  level: 'info',
  label: 'Fahad Uni',
  timestamp: '2023-06-05T08:23:51.542Z'
}
{
  message: 'successfully connected to Database',
  level: 'info',
  label: 'Fahad Uni',
  timestamp: '2023-06-05T08:23:59.289Z'
}
{
  message: 'Example app listening on port 5000',
  level: 'info',
  label: 'Fahad Uni',
  timestamp: '2023-06-05T08:23:59.311Z'
}
{
  message: 'successfully connected to Database',
  level: 'info',
  label: 'Fahad Uni',
  timestamp: '2023-06-05T08:24:01.537Z'
}
{
  message: 'Example app listening on port 5000',
  level: 'info',
  label: 'Fahad Uni',
  timestamp: '2023-06-05T08:24:01.544Z'
}
{
  message: 'successfully connected to Database',
  level: 'info',
  label: 'Fahad Uni',
  timestamp: '2023-06-05T08:24:07.583Z'
}
{
  message: 'Example app listening on port 5000',
  level: 'info',
  label: 'Fahad Uni',
  timestamp: '2023-06-05T08:24:07.597Z'
}
{
  message: 'successfully connected to Database',
  level: 'info',
  label: 'Fahad Uni',
  timestamp: '2023-06-05T08:24:41.845Z'
}
{
  message: 'Example app listening on port 5000',
  level: 'info',
  label: 'Fahad Uni',
  timestamp: '2023-06-05T08:24:41.858Z'
}
{
  message: 'successfully connected to Database',
  level: 'info',
  label: 'Fahad Uni',
  timestamp: '2023-06-05T08:24:52.686Z'
}
{
  message: 'Example app listening on port 5000',
  level: 'info',
  label: 'Fahad Uni',
  timestamp: '2023-06-05T08:24:52.693Z'
}
{
  message: 'successfully connected to Database',
  level: 'info',
  label: 'Fahad Uni',
  timestamp: '2023-06-05T08:25:05.999Z'
}
{
  message: 'Example app listening on port 5000',
  level: 'info',
  label: 'Fahad Uni',
  timestamp: '2023-06-05T08:25:06.007Z'
}
{
  message: 'successfully connected to Database',
  level: 'info',
  label: 'Fahad Uni',
  timestamp: '2023-06-05T08:25:15.951Z'
}
{
  message: 'Example app listening on port 5000',
  level: 'info',
  label: 'Fahad Uni',
  timestamp: '2023-06-05T08:25:15.960Z'
}
{
  message: 'successfully connected to Database',
  level: 'info',
  label: 'Fahad Uni',
  timestamp: '2023-06-05T08:25:18.258Z'
}
{
  message: 'Example app listening on port 5000',
  level: 'info',
  label: 'Fahad Uni',
  timestamp: '2023-06-05T08:25:18.267Z'
}
{
  message: 'successfully connected to Database',
  level: 'info',
  label: 'Fahad Uni',
  timestamp: '2023-06-05T08:25:20.738Z'
}
{
  message: 'Example app listening on port 5000',
  level: 'info',
  label: 'Fahad Uni',
  timestamp: '2023-06-05T08:25:20.752Z'
}
{
  message: 'successfully connected to Database',
  level: 'info',
  label: 'Fahad Uni',
  timestamp: '2023-06-05T08:25:28.022Z'
}
{
  message: 'Example app listening on port 5000',
  level: 'info',
  label: 'Fahad Uni',
  timestamp: '2023-06-05T08:25:28.032Z'
}
{
  message: 'successfully connected to Database',
  level: 'info',
  label: 'Fahad Uni',
  timestamp: '2023-06-05T08:25:41.179Z'
}
{
  message: 'Example app listening on port 5000',
  level: 'info',
  label: 'Fahad Uni',
  timestamp: '2023-06-05T08:25:41.186Z'
}
{
  message: 'successfully connected to Database',
  level: 'info',
  label: 'Fahad Uni',
  timestamp: '2023-06-05T08:25:46.034Z'
}
{
  message: 'Example app listening on port 5000',
  level: 'info',
  label: 'Fahad Uni',
  timestamp: '2023-06-05T08:25:46.059Z'
}
{
  message: 'successfully connected to Database',
  level: 'info',
  label: 'Fahad Uni',
  timestamp: '2023-06-05T08:25:51.527Z'
}
{
  message: 'Example app listening on port 5000',
  level: 'info',
  label: 'Fahad Uni',
  timestamp: '2023-06-05T08:25:51.534Z'
}
{
  message: 'successfully connected to Database',
  level: 'info',
  label: 'Fahad Uni',
  timestamp: '2023-06-05T08:25:54.981Z'
}
{
  message: 'Example app listening on port 5000',
  level: 'info',
  label: 'Fahad Uni',
  timestamp: '2023-06-05T08:25:54.989Z'
}
{
  message: 'successfully connected to Database',
  level: 'info',
  label: 'Fahad Uni',
  timestamp: '2023-06-05T08:25:58.527Z'
}
{
  message: 'Example app listening on port 5000',
  level: 'info',
  label: 'Fahad Uni',
  timestamp: '2023-06-05T08:25:58.535Z'
}
{
  message: 'successfully connected to Database',
  level: 'info',
  label: 'Fahad Uni',
  timestamp: '2023-06-05T08:26:04.488Z'
}
{
  message: 'Example app listening on port 5000',
  level: 'info',
  label: 'Fahad Uni',
  timestamp: '2023-06-05T08:26:04.495Z'
}
{
  message: 'successfully connected to Database',
  level: 'info',
  label: 'Fahad Uni',
  timestamp: '2023-06-05T08:26:15.360Z'
}
{
  message: 'Example app listening on port 5000',
  level: 'info',
  label: 'Fahad Uni',
  timestamp: '2023-06-05T08:26:15.366Z'
}
{
  message: 'successfully connected to Database',
  level: 'info',
  label: 'Fahad Uni',
  timestamp: '2023-06-05T08:28:51.702Z'
}
{
  message: 'Example app listening on port 5000',
  level: 'info',
  label: 'Fahad Uni',
  timestamp: '2023-06-05T08:28:51.712Z'
}
{
  message: 'successfully connected to Database',
  level: 'info',
  label: 'Fahad Uni',
  timestamp: '2023-06-05T08:29:53.264Z'
}
{
  message: 'Example app listening on port 5000',
  level: 'info',
  label: 'Fahad Uni',
  timestamp: '2023-06-05T08:29:53.279Z'
}
{
  message: 'successfully connected to Database',
  level: 'info',
  label: 'Fahad Uni',
  timestamp: '2023-06-05T08:30:24.809Z'
}
{
  message: 'Example app listening on port 5000',
  level: 'info',
  label: 'Fahad Uni',
  timestamp: '2023-06-05T08:30:24.816Z'
}
{
  message: 'successfully connected to Database',
  level: 'info',
  label: 'Fahad Uni',
  timestamp: '2023-06-05T08:31:16.189Z'
}
{
  message: 'Example app listening on port 5000',
  level: 'info',
  label: 'Fahad Uni',
  timestamp: '2023-06-05T08:31:16.195Z'
}
{
  message: 'successfully connected to Database',
  level: 'info',
  label: 'Fahad Uni',
  timestamp: '2023-06-05T08:31:48.793Z'
}
{
  message: 'Example app listening on port 5000',
  level: 'info',
  label: 'Fahad Uni',
  timestamp: '2023-06-05T08:31:48.801Z'
}
{
  message: 'successfully connected to Database',
  level: 'info',
  label: 'Fahad Uni',
  timestamp: '2023-06-05T08:32:31.627Z'
}
{
  message: 'Example app listening on port 5000',
  level: 'info',
  label: 'Fahad Uni',
  timestamp: '2023-06-05T08:32:31.639Z'
}
{
  message: 'successfully connected to Database',
  level: 'info',
  label: 'Fahad Uni',
  timestamp: '2023-06-05T08:33:57.586Z'
}
{
  message: 'Example app listening on port 5000',
  level: 'info',
  label: 'Fahad Uni',
  timestamp: '2023-06-05T08:33:57.600Z'
}
{
  message: 'successfully connected to Database',
  level: 'info',
  label: 'Fahad Uni',
  timestamp: '2023-06-05T08:34:09.105Z'
}
{
  message: 'Example app listening on port 5000',
  level: 'info',
  label: 'Fahad Uni',
  timestamp: '2023-06-05T08:34:09.111Z'
}
{
  message: 'successfully connected to Database',
  level: 'info',
  label: 'Fahad Uni',
  timestamp: '2023-06-05T08:34:11.555Z'
}
{
  message: 'Example app listening on port 5000',
  level: 'info',
  label: 'Fahad Uni',
  timestamp: '2023-06-05T08:34:11.562Z'
}
{
  message: 'successfully connected to Database',
  level: 'info',
  label: 'Fahad Uni',
  timestamp: '2023-06-05T08:34:23.766Z'
}
{
  message: 'Example app listening on port 5000',
  level: 'info',
  label: 'Fahad Uni',
  timestamp: '2023-06-05T08:34:23.781Z'
}
{
  message: 'successfully connected to Database',
  level: 'info',
  label: 'Fahad Uni',
  timestamp: '2023-06-05T08:34:30.767Z'
}
{
  message: 'Example app listening on port 5000',
  level: 'info',
  label: 'Fahad Uni',
  timestamp: '2023-06-05T08:34:30.775Z'
}
{
  message: 'successfully connected to Database',
  level: 'info',
  label: 'Fahad Uni',
  timestamp: '2023-06-05T08:34:33.531Z'
}
{
  message: 'Example app listening on port 5000',
  level: 'info',
  label: 'Fahad Uni',
  timestamp: '2023-06-05T08:34:33.542Z'
}
{
  message: 'successfully connected to Database',
  level: 'info',
  label: 'Fahad Uni',
  timestamp: '2023-06-05T08:34:36.466Z'
}
{
  message: 'Example app listening on port 5000',
  level: 'info',
  label: 'Fahad Uni',
  timestamp: '2023-06-05T08:34:36.475Z'
}
{
  message: 'successfully connected to Database',
  level: 'info',
  label: 'Fahad Uni',
  timestamp: '2023-06-05T08:34:38.894Z'
}
{
  message: 'Example app listening on port 5000',
  level: 'info',
  label: 'Fahad Uni',
  timestamp: '2023-06-05T08:34:38.904Z'
}
{
  message: 'successfully connected to Database',
  level: 'info',
  label: 'Fahad Uni',
  timestamp: '2023-06-05T08:34:50.530Z'
}
{
  message: 'Example app listening on port 5000',
  level: 'info',
  label: 'Fahad Uni',
  timestamp: '2023-06-05T08:34:50.537Z'
}
{
  message: 'successfully connected to Database',
  level: 'info',
  label: 'Fahad Uni',
  timestamp: '2023-06-05T08:35:11.332Z'
}
{
  message: 'Example app listening on port 5000',
  level: 'info',
  label: 'Fahad Uni',
  timestamp: '2023-06-05T08:35:11.346Z'
}
{
  message: 'successfully connected to Database',
  level: 'info',
  label: 'Fahad Uni',
  timestamp: '2023-06-05T08:35:13.765Z'
}
{
  message: 'Example app listening on port 5000',
  level: 'info',
  label: 'Fahad Uni',
  timestamp: '2023-06-05T08:35:13.776Z'
}
{
  message: 'successfully connected to Database',
  level: 'info',
  label: 'Fahad Uni',
  timestamp: '2023-06-05T08:37:06.454Z'
}
{
  message: 'Example app listening on port 5000',
  level: 'info',
  label: 'Fahad Uni',
  timestamp: '2023-06-05T08:37:06.461Z'
}
{
  message: 'successfully connected to Database',
  level: 'info',
  label: 'Fahad Uni',
  timestamp: '2023-06-05T08:39:20.048Z'
}
{
  message: 'Example app listening on port 5000',
  level: 'info',
  label: 'Fahad Uni',
  timestamp: '2023-06-05T08:39:20.054Z'
}
{
  message: 'successfully connected to Database',
  level: 'info',
  label: 'Fahad Uni',
  timestamp: '2023-06-05T08:39:28.794Z'
}
{
  message: 'Example app listening on port 5000',
  level: 'info',
  label: 'Fahad Uni',
  timestamp: '2023-06-05T08:39:28.801Z'
}
{
  message: 'successfully connected to Database',
  level: 'info',
  label: 'Fahad Uni',
  timestamp: '2023-06-05T08:39:39.304Z'
}
{
  message: 'Example app listening on port 5000',
  level: 'info',
  label: 'Fahad Uni',
  timestamp: '2023-06-05T08:39:39.311Z'
}
{
  message: 'successfully connected to Database',
  level: 'info',
  label: 'Fahad Uni',
  timestamp: '2023-06-05T08:39:41.354Z'
}
{
  message: 'Example app listening on port 5000',
  level: 'info',
  label: 'Fahad Uni',
  timestamp: '2023-06-05T08:39:41.360Z'
}
{
  message: 'successfully connected to Database',
  level: 'info',
  label: 'Fahad Uni',
  timestamp: '2023-06-05T08:39:47.011Z'
}
{
  message: 'Example app listening on port 5000',
  level: 'info',
  label: 'Fahad Uni',
  timestamp: '2023-06-05T08:39:47.017Z'
}
{
  message: 'successfully connected to Database',
  level: 'info',
  label: 'Fahad Uni',
  timestamp: '2023-06-05T08:42:57.954Z'
}
{
  message: 'Example app listening on port 5000',
  level: 'info',
  label: 'Fahad Uni',
  timestamp: '2023-06-05T08:42:57.962Z'
}
{
  message: 'successfully connected to Database',
  level: 'info',
  label: 'Fahad Uni',
  timestamp: '2023-06-05T08:43:00.031Z'
}
{
  message: 'Example app listening on port 5000',
  level: 'info',
  label: 'Fahad Uni',
  timestamp: '2023-06-05T08:43:00.038Z'
}
