{
  message: 'successfully connected to Database',
  level: 'info',
  label: 'Fahad Uni',
  timestamp: '2023-06-07T05:19:20.058Z'
}
{
  message: 'Example app listening on port 5500',
  level: 'info',
  label: 'Fahad Uni',
  timestamp: '2023-06-07T05:19:20.068Z'
}
{
  message: 'successfully connected to Database',
  level: 'info',
  label: 'Fahad Uni',
  timestamp: '2023-06-07T05:21:50.797Z'
}
{
  message: 'Example app listening on port 5500',
  level: 'info',
  label: 'Fahad Uni',
  timestamp: '2023-06-07T05:21:50.804Z'
}
{
  message: 'successfully connected to Database',
  level: 'info',
  label: 'Fahad Uni',
  timestamp: '2023-06-07T05:24:36.003Z'
}
{
  message: 'Example app listening on port 5500',
  level: 'info',
  label: 'Fahad Uni',
  timestamp: '2023-06-07T05:24:36.009Z'
}
{
  message: 'successfully connected to Database',
  level: 'info',
  label: 'Fahad Uni',
  timestamp: '2023-06-07T05:24:38.794Z'
}
{
  message: 'Example app listening on port 5500',
  level: 'info',
  label: 'Fahad Uni',
  timestamp: '2023-06-07T05:24:38.800Z'
}
{
  message: 'successfully connected to Database',
  level: 'info',
  label: 'Fahad Uni',
  timestamp: '2023-06-07T05:24:50.772Z'
}
{
  message: 'Example app listening on port 5500',
  level: 'info',
  label: 'Fahad Uni',
  timestamp: '2023-06-07T05:24:50.778Z'
}
{
  message: 'successfully connected to Database',
  level: 'info',
  label: 'Fahad Uni',
  timestamp: '2023-06-07T05:24:57.572Z'
}
{
  message: 'Example app listening on port 5500',
  level: 'info',
  label: 'Fahad Uni',
  timestamp: '2023-06-07T05:24:57.580Z'
}
{
  message: 'successfully connected to Database',
  level: 'info',
  label: 'Fahad Uni',
  timestamp: '2023-06-07T05:25:12.666Z'
}
{
  message: 'Example app listening on port 5500',
  level: 'info',
  label: 'Fahad Uni',
  timestamp: '2023-06-07T05:25:12.673Z'
}
{
  message: 'successfully connected to Database',
  level: 'info',
  label: 'Fahad Uni',
  timestamp: '2023-06-07T05:25:15.587Z'
}
{
  message: 'Example app listening on port 5500',
  level: 'info',
  label: 'Fahad Uni',
  timestamp: '2023-06-07T05:25:15.615Z'
}
{
  message: 'successfully connected to Database',
  level: 'info',
  label: 'Fahad Uni',
  timestamp: '2023-06-07T05:25:21.017Z'
}
{
  message: 'Example app listening on port 5500',
  level: 'info',
  label: 'Fahad Uni',
  timestamp: '2023-06-07T05:25:21.031Z'
}
{
  message: 'successfully connected to Database',
  level: 'info',
  label: 'Fahad Uni',
  timestamp: '2023-06-07T05:25:25.992Z'
}
{
  message: 'Example app listening on port 5500',
  level: 'info',
  label: 'Fahad Uni',
  timestamp: '2023-06-07T05:25:25.998Z'
}
{
  message: 'successfully connected to Database',
  level: 'info',
  label: 'Fahad Uni',
  timestamp: '2023-06-07T05:25:28.375Z'
}
{
  message: 'Example app listening on port 5500',
  level: 'info',
  label: 'Fahad Uni',
  timestamp: '2023-06-07T05:25:28.385Z'
}
{
  message: 'successfully connected to Database',
  level: 'info',
  label: 'Fahad Uni',
  timestamp: '2023-06-07T05:25:37.905Z'
}
{
  message: 'Example app listening on port 5500',
  level: 'info',
  label: 'Fahad Uni',
  timestamp: '2023-06-07T05:25:37.911Z'
}
{
  message: 'successfully connected to Database',
  level: 'info',
  label: 'Fahad Uni',
  timestamp: '2023-06-07T05:26:47.757Z'
}
{
  message: 'Example app listening on port 5500',
  level: 'info',
  label: 'Fahad Uni',
  timestamp: '2023-06-07T05:26:47.763Z'
}
{
  message: 'successfully connected to Database',
  level: 'info',
  label: 'Fahad Uni',
  timestamp: '2023-06-07T05:26:59.730Z'
}
{
  message: 'Example app listening on port 5500',
  level: 'info',
  label: 'Fahad Uni',
  timestamp: '2023-06-07T05:26:59.738Z'
}
{
  message: 'successfully connected to Database',
  level: 'info',
  label: 'Fahad Uni',
  timestamp: '2023-06-07T05:27:06.542Z'
}
{
  message: 'successfully connected to Database',
  level: 'info',
  label: 'Fahad Uni',
  timestamp: '2023-06-07T05:27:09.607Z'
}
{
  message: 'Example app listening on port 5500',
  level: 'info',
  label: 'Fahad Uni',
  timestamp: '2023-06-07T05:27:09.617Z'
}
{
  message: 'successfully connected to Database',
  level: 'info',
  label: 'Fahad Uni',
  timestamp: '2023-06-07T05:27:11.693Z'
}
{
  message: 'Example app listening on port 5500',
  level: 'info',
  label: 'Fahad Uni',
  timestamp: '2023-06-07T05:27:11.703Z'
}
{
  message: 'successfully connected to Database',
  level: 'info',
  label: 'Fahad Uni',
  timestamp: '2023-06-07T05:27:18.504Z'
}
{
  message: 'Example app listening on port 5500',
  level: 'info',
  label: 'Fahad Uni',
  timestamp: '2023-06-07T05:27:18.523Z'
}
{
  message: 'successfully connected to Database',
  level: 'info',
  label: 'Fahad Uni',
  timestamp: '2023-06-07T05:27:22.053Z'
}
{
  message: 'Example app listening on port 5500',
  level: 'info',
  label: 'Fahad Uni',
  timestamp: '2023-06-07T05:27:22.067Z'
}
{
  message: 'successfully connected to Database',
  level: 'info',
  label: 'Fahad Uni',
  timestamp: '2023-06-07T05:27:27.781Z'
}
{
  message: 'successfully connected to Database',
  level: 'info',
  label: 'Fahad Uni',
  timestamp: '2023-06-07T05:27:31.647Z'
}
{
  message: 'Example app listening on port 5500',
  level: 'info',
  label: 'Fahad Uni',
  timestamp: '2023-06-07T05:27:31.667Z'
}
{
  message: 'successfully connected to Database',
  level: 'info',
  label: 'Fahad Uni',
  timestamp: '2023-06-07T05:27:44.556Z'
}
{
  message: 'Example app listening on port 5500',
  level: 'info',
  label: 'Fahad Uni',
  timestamp: '2023-06-07T05:27:44.571Z'
}
{
  message: 'successfully connected to Database',
  level: 'info',
  label: 'Fahad Uni',
  timestamp: '2023-06-07T05:27:49.417Z'
}
{
  message: 'Example app listening on port 5500',
  level: 'info',
  label: 'Fahad Uni',
  timestamp: '2023-06-07T05:27:49.424Z'
}
{
  message: 'successfully connected to Database',
  level: 'info',
  label: 'Fahad Uni',
  timestamp: '2023-06-07T05:28:07.624Z'
}
{
  message: 'Example app listening on port 5500',
  level: 'info',
  label: 'Fahad Uni',
  timestamp: '2023-06-07T05:28:07.639Z'
}
{
  message: 'successfully connected to Database',
  level: 'info',
  label: 'Fahad Uni',
  timestamp: '2023-06-07T05:28:13.551Z'
}
{
  message: 'Example app listening on port 5500',
  level: 'info',
  label: 'Fahad Uni',
  timestamp: '2023-06-07T05:28:13.557Z'
}
{
  message: 'successfully connected to Database',
  level: 'info',
  label: 'Fahad Uni',
  timestamp: '2023-06-07T05:28:17.458Z'
}
{
  message: 'Example app listening on port 5500',
  level: 'info',
  label: 'Fahad Uni',
  timestamp: '2023-06-07T05:28:17.464Z'
}
{
  message: 'successfully connected to Database',
  level: 'info',
  label: 'Fahad Uni',
  timestamp: '2023-06-07T05:28:27.248Z'
}
{
  message: 'Example app listening on port 5500',
  level: 'info',
  label: 'Fahad Uni',
  timestamp: '2023-06-07T05:28:27.255Z'
}
{
  message: 'successfully connected to Database',
  level: 'info',
  label: 'Fahad Uni',
  timestamp: '2023-06-07T05:28:44.341Z'
}
{
  message: 'Example app listening on port 5500',
  level: 'info',
  label: 'Fahad Uni',
  timestamp: '2023-06-07T05:28:44.347Z'
}
{
  message: 'successfully connected to Database',
  level: 'info',
  label: 'Fahad Uni',
  timestamp: '2023-06-07T05:29:00.170Z'
}
{
  message: 'Example app listening on port 5500',
  level: 'info',
  label: 'Fahad Uni',
  timestamp: '2023-06-07T05:29:00.182Z'
}
{
  message: 'successfully connected to Database',
  level: 'info',
  label: 'Fahad Uni',
  timestamp: '2023-06-07T05:29:06.576Z'
}
{
  message: 'Example app listening on port 5500',
  level: 'info',
  label: 'Fahad Uni',
  timestamp: '2023-06-07T05:29:06.589Z'
}
{
  message: 'successfully connected to Database',
  level: 'info',
  label: 'Fahad Uni',
  timestamp: '2023-06-07T05:35:43.400Z'
}
{
  message: 'Example app listening on port 5500',
  level: 'info',
  label: 'Fahad Uni',
  timestamp: '2023-06-07T05:35:43.406Z'
}
{
  message: 'successfully connected to Database',
  level: 'info',
  label: 'Fahad Uni',
  timestamp: '2023-06-07T05:36:08.189Z'
}
{
  message: 'Example app listening on port 5500',
  level: 'info',
  label: 'Fahad Uni',
  timestamp: '2023-06-07T05:36:08.195Z'
}
{
  message: 'successfully connected to Database',
  level: 'info',
  label: 'Fahad Uni',
  timestamp: '2023-06-07T05:36:10.352Z'
}
{
  message: 'Example app listening on port 5500',
  level: 'info',
  label: 'Fahad Uni',
  timestamp: '2023-06-07T05:36:10.359Z'
}
{
  message: 'successfully connected to Database',
  level: 'info',
  label: 'Fahad Uni',
  timestamp: '2023-06-07T05:36:19.588Z'
}
{
  message: 'Example app listening on port 5500',
  level: 'info',
  label: 'Fahad Uni',
  timestamp: '2023-06-07T05:36:19.607Z'
}
{
  message: 'successfully connected to Database',
  level: 'info',
  label: 'Fahad Uni',
  timestamp: '2023-06-07T05:36:24.975Z'
}
{
  message: 'Example app listening on port 5500',
  level: 'info',
  label: 'Fahad Uni',
  timestamp: '2023-06-07T05:36:25.004Z'
}
{
  message: 'successfully connected to Database',
  level: 'info',
  label: 'Fahad Uni',
  timestamp: '2023-06-07T05:36:29.544Z'
}
{
  message: 'Example app listening on port 5500',
  level: 'info',
  label: 'Fahad Uni',
  timestamp: '2023-06-07T05:36:29.554Z'
}
{
  message: 'successfully connected to Database',
  level: 'info',
  label: 'Fahad Uni',
  timestamp: '2023-06-07T05:36:31.934Z'
}
{
  message: 'Example app listening on port 5500',
  level: 'info',
  label: 'Fahad Uni',
  timestamp: '2023-06-07T05:36:31.940Z'
}
{
  message: 'successfully connected to Database',
  level: 'info',
  label: 'Fahad Uni',
  timestamp: '2023-06-07T05:37:14.942Z'
}
{
  message: 'Example app listening on port 5500',
  level: 'info',
  label: 'Fahad Uni',
  timestamp: '2023-06-07T05:37:14.950Z'
}
{
  message: 'successfully connected to Database',
  level: 'info',
  label: 'Fahad Uni',
  timestamp: '2023-06-07T05:37:23.477Z'
}
{
  message: 'Example app listening on port 5500',
  level: 'info',
  label: 'Fahad Uni',
  timestamp: '2023-06-07T05:37:23.487Z'
}
{
  message: 'successfully connected to Database',
  level: 'info',
  label: 'Fahad Uni',
  timestamp: '2023-06-07T05:37:34.795Z'
}
{
  message: 'Example app listening on port 5500',
  level: 'info',
  label: 'Fahad Uni',
  timestamp: '2023-06-07T05:37:34.811Z'
}
{
  message: 'successfully connected to Database',
  level: 'info',
  label: 'Fahad Uni',
  timestamp: '2023-06-07T05:37:36.827Z'
}
{
  message: 'Example app listening on port 5500',
  level: 'info',
  label: 'Fahad Uni',
  timestamp: '2023-06-07T05:37:36.833Z'
}
{
  message: 'successfully connected to Database',
  level: 'info',
  label: 'Fahad Uni',
  timestamp: '2023-06-07T05:37:40.838Z'
}
{
  message: 'Example app listening on port 5500',
  level: 'info',
  label: 'Fahad Uni',
  timestamp: '2023-06-07T05:37:40.847Z'
}
{
  message: 'successfully connected to Database',
  level: 'info',
  label: 'Fahad Uni',
  timestamp: '2023-06-07T05:42:40.357Z'
}
{
  message: 'Example app listening on port 5500',
  level: 'info',
  label: 'Fahad Uni',
  timestamp: '2023-06-07T05:42:40.366Z'
}
{
  message: 'successfully connected to Database',
  level: 'info',
  label: 'Fahad Uni',
  timestamp: '2023-06-07T05:42:46.719Z'
}
{
  message: 'Example app listening on port 5500',
  level: 'info',
  label: 'Fahad Uni',
  timestamp: '2023-06-07T05:42:46.727Z'
}
{
  message: 'successfully connected to Database',
  level: 'info',
  label: 'Fahad Uni',
  timestamp: '2023-06-07T05:43:08.047Z'
}
{
  message: 'Example app listening on port 5500',
  level: 'info',
  label: 'Fahad Uni',
  timestamp: '2023-06-07T05:43:08.054Z'
}
{
  message: 'successfully connected to Database',
  level: 'info',
  label: 'Fahad Uni',
  timestamp: '2023-06-07T05:43:30.982Z'
}
{
  message: 'Example app listening on port 5500',
  level: 'info',
  label: 'Fahad Uni',
  timestamp: '2023-06-07T05:43:30.988Z'
}
{
  message: 'successfully connected to Database',
  level: 'info',
  label: 'Fahad Uni',
  timestamp: '2023-06-07T05:44:01.614Z'
}
{
  message: 'Example app listening on port 5500',
  level: 'info',
  label: 'Fahad Uni',
  timestamp: '2023-06-07T05:44:01.620Z'
}
{
  message: 'successfully connected to Database',
  level: 'info',
  label: 'Fahad Uni',
  timestamp: '2023-06-07T05:44:04.338Z'
}
{
  message: 'Example app listening on port 5500',
  level: 'info',
  label: 'Fahad Uni',
  timestamp: '2023-06-07T05:44:04.345Z'
}
{
  message: 'successfully connected to Database',
  level: 'info',
  label: 'Fahad Uni',
  timestamp: '2023-06-07T05:44:23.172Z'
}
{
  message: 'Example app listening on port 5500',
  level: 'info',
  label: 'Fahad Uni',
  timestamp: '2023-06-07T05:44:23.178Z'
}
{
  message: 'successfully connected to Database',
  level: 'info',
  label: 'Fahad Uni',
  timestamp: '2023-06-07T05:44:34.112Z'
}
{
  message: 'Example app listening on port 5500',
  level: 'info',
  label: 'Fahad Uni',
  timestamp: '2023-06-07T05:44:34.119Z'
}
{
  message: 'successfully connected to Database',
  level: 'info',
  label: 'Fahad Uni',
  timestamp: '2023-06-07T05:48:34.137Z'
}
{
  message: 'Example app listening on port 5500',
  level: 'info',
  label: 'Fahad Uni',
  timestamp: '2023-06-07T05:48:34.143Z'
}
{
  message: 'successfully connected to Database',
  level: 'info',
  label: 'Fahad Uni',
  timestamp: '2023-06-07T05:48:48.868Z'
}
{
  message: 'Example app listening on port 5500',
  level: 'info',
  label: 'Fahad Uni',
  timestamp: '2023-06-07T05:48:48.874Z'
}
{
  message: 'successfully connected to Database',
  level: 'info',
  label: 'Fahad Uni',
  timestamp: '2023-06-07T05:48:57.571Z'
}
{
  message: 'Example app listening on port 5500',
  level: 'info',
  label: 'Fahad Uni',
  timestamp: '2023-06-07T05:48:57.577Z'
}
{
  message: 'successfully connected to Database',
  level: 'info',
  label: 'Fahad Uni',
  timestamp: '2023-06-07T05:49:08.767Z'
}
{
  message: 'Example app listening on port 5500',
  level: 'info',
  label: 'Fahad Uni',
  timestamp: '2023-06-07T05:49:08.774Z'
}
{
  message: 'successfully connected to Database',
  level: 'info',
  label: 'Fahad Uni',
  timestamp: '2023-06-07T05:49:12.821Z'
}
{
  message: 'Example app listening on port 5500',
  level: 'info',
  label: 'Fahad Uni',
  timestamp: '2023-06-07T05:49:12.830Z'
}
{
  message: 'successfully connected to Database',
  level: 'info',
  label: 'Fahad Uni',
  timestamp: '2023-06-07T05:49:33.040Z'
}
{
  message: 'Example app listening on port 5500',
  level: 'info',
  label: 'Fahad Uni',
  timestamp: '2023-06-07T05:49:33.055Z'
}
{
  message: 'successfully connected to Database',
  level: 'info',
  label: 'Fahad Uni',
  timestamp: '2023-06-07T05:49:41.841Z'
}
{
  message: 'Example app listening on port 5500',
  level: 'info',
  label: 'Fahad Uni',
  timestamp: '2023-06-07T05:49:41.855Z'
}
