{
  statusCode: 409,
  level: 'error',
  message: 'globalErrorHandler Academic semester is already exist !',
  stack: 'Error: Academic semester is already exist !\n' +
    '    at model.<anonymous> (C:\\projects\\Fahad-university\\university-management-auth-server\\src\\app\\modules\\academicSemester\\academicSemester.model.ts:52:11)\n' +
    '    at Generator.next (<anonymous>)\n' +
    '    at fulfilled (C:\\projects\\Fahad-university\\university-management-auth-server\\src\\app\\modules\\academicSemester\\academicSemester.model.ts:5:58)\n' +
    '    at processTicksAndRejections (node:internal/process/task_queues:95:5)',
  label: 'Fahad Uni',
  timestamp: '2023-06-08T15:07:31.157Z'
}
{
  statusCode: 409,
  level: 'error',
  message: 'globalErrorHandler Academic semester is already exist !',
  stack: 'Error: Academic semester is already exist !\n' +
    '    at model.<anonymous> (C:\\projects\\Fahad-university\\university-management-auth-server\\src\\app\\modules\\academicSemester\\academicSemester.model.ts:52:11)\n' +
    '    at Generator.next (<anonymous>)\n' +
    '    at fulfilled (C:\\projects\\Fahad-university\\university-management-auth-server\\src\\app\\modules\\academicSemester\\academicSemester.model.ts:5:58)\n' +
    '    at processTicksAndRejections (node:internal/process/task_queues:95:5)',
  label: 'Fahad Uni',
  timestamp: '2023-06-08T15:07:49.004Z'
}
{
  statusCode: 409,
  level: 'error',
  message: 'globalErrorHandler Academic semester is already exist !',
  stack: 'Error: Academic semester is already exist !\n' +
    '    at model.<anonymous> (C:\\projects\\Fahad-university\\university-management-auth-server\\src\\app\\modules\\academicSemester\\academicSemester.model.ts:52:11)\n' +
    '    at Generator.next (<anonymous>)\n' +
    '    at fulfilled (C:\\projects\\Fahad-university\\university-management-auth-server\\src\\app\\modules\\academicSemester\\academicSemester.model.ts:5:58)\n' +
    '    at processTicksAndRejections (node:internal/process/task_queues:95:5)',
  label: 'Fahad Uni',
  timestamp: '2023-06-08T15:07:55.983Z'
}
{
  statusCode: 409,
  level: 'error',
  message: 'globalErrorHandler Academic semester is already exist !',
  stack: 'Error: Academic semester is already exist !\n' +
    '    at model.<anonymous> (C:\\projects\\Fahad-university\\university-management-auth-server\\src\\app\\modules\\academicSemester\\academicSemester.model.ts:52:11)\n' +
    '    at Generator.next (<anonymous>)\n' +
    '    at fulfilled (C:\\projects\\Fahad-university\\university-management-auth-server\\src\\app\\modules\\academicSemester\\academicSemester.model.ts:5:58)\n' +
    '    at processTicksAndRejections (node:internal/process/task_queues:95:5)',
  label: 'Fahad Uni',
  timestamp: '2023-06-08T15:08:08.620Z'
}
{
  statusCode: 409,
  level: 'error',
  message: 'globalErrorHandler Academic semester is already exist !',
  stack: 'Error: Academic semester is already exist !\n' +
    '    at model.<anonymous> (C:\\projects\\Fahad-university\\university-management-auth-server\\src\\app\\modules\\academicSemester\\academicSemester.model.ts:52:11)\n' +
    '    at Generator.next (<anonymous>)\n' +
    '    at fulfilled (C:\\projects\\Fahad-university\\university-management-auth-server\\src\\app\\modules\\academicSemester\\academicSemester.model.ts:5:58)\n' +
    '    at processTicksAndRejections (node:internal/process/task_queues:95:5)',
  label: 'Fahad Uni',
  timestamp: '2023-06-08T15:08:26.849Z'
}
