{
  level: 'error',
  message: 'Failed to connect to Database. The `uri` parameter to `openUri()` must be a string, got "undefined". Make sure the first parameter to `mongoose.connect()` or `mongoose.createConnection()` is a string.',
  stack: 'MongooseError: The `uri` parameter to `openUri()` must be a string, got "undefined". Make sure the first parameter to `mongoose.connect()` or `mongoose.createConnection()` is a string.\n' +
    '    at _createMongoClient (C:\\projects\\Fahad-university\\university-management-auth-server\\node_modules\\mongoose\\lib\\connection.js:805:11)\n' +
    '    at NativeConnection.openUri (C:\\projects\\Fahad-university\\university-management-auth-server\\node_modules\\mongoose\\lib\\connection.js:742:29)\n' +
    '    at Mongoose.connect (C:\\projects\\Fahad-university\\university-management-auth-server\\node_modules\\mongoose\\lib\\index.js:406:15)\n' +
    '    at C:\\projects\\Fahad-university\\university-management-auth-server\\src\\server.ts:8:20\n' +
    '    at Generator.next (<anonymous>)\n' +
    '    at C:\\projects\\Fahad-university\\university-management-auth-server\\src\\server.ts:8:71\n' +
    '    at new Promise (<anonymous>)\n' +
    '    at __awaiter (C:\\projects\\Fahad-university\\university-management-auth-server\\src\\server.ts:4:12)\n' +
    '    at main (C:\\projects\\Fahad-university\\university-management-auth-server\\src\\server.ts:20:12)\n' +
    '    at Object.<anonymous> (C:\\projects\\Fahad-university\\university-management-auth-server\\src\\server.ts:18:1)',
  label: 'Fahad Uni',
  timestamp: '2023-06-06T05:47:26.409Z'
}
{
  level: 'error',
  message: 'Failed to connect to Database. The `uri` parameter to `openUri()` must be a string, got "undefined". Make sure the first parameter to `mongoose.connect()` or `mongoose.createConnection()` is a string.',
  stack: 'MongooseError: The `uri` parameter to `openUri()` must be a string, got "undefined". Make sure the first parameter to `mongoose.connect()` or `mongoose.createConnection()` is a string.\n' +
    '    at _createMongoClient (C:\\projects\\Fahad-university\\university-management-auth-server\\node_modules\\mongoose\\lib\\connection.js:805:11)\n' +
    '    at NativeConnection.openUri (C:\\projects\\Fahad-university\\university-management-auth-server\\node_modules\\mongoose\\lib\\connection.js:742:29)\n' +
    '    at Mongoose.connect (C:\\projects\\Fahad-university\\university-management-auth-server\\node_modules\\mongoose\\lib\\index.js:406:15)\n' +
    '    at C:\\projects\\Fahad-university\\university-management-auth-server\\src\\server.ts:8:20\n' +
    '    at Generator.next (<anonymous>)\n' +
    '    at C:\\projects\\Fahad-university\\university-management-auth-server\\src\\server.ts:8:71\n' +
    '    at new Promise (<anonymous>)\n' +
    '    at __awaiter (C:\\projects\\Fahad-university\\university-management-auth-server\\src\\server.ts:4:12)\n' +
    '    at main (C:\\projects\\Fahad-university\\university-management-auth-server\\src\\server.ts:20:12)\n' +
    '    at Object.<anonymous> (C:\\projects\\Fahad-university\\university-management-auth-server\\src\\server.ts:18:1)',
  label: 'Fahad Uni',
  timestamp: '2023-06-06T05:48:15.325Z'
}
