{
  stringValue: '"64857c19e107d0e20b"',
  messageFormat: undefined,
  kind: 'ObjectId',
  value: '64857c19e107d0e20b',
  path: '_id',
  reason: BSONError: Argument passed in must be a string of 12 bytes or a string of 24 hex characters or an integer
      at new ObjectId (C:\projects\Fahad-university\university-management-auth-server\node_modules\bson\src\objectid.ts:88:15)
      at castObjectId (C:\projects\Fahad-university\university-management-auth-server\node_modules\mongoose\lib\cast\objectid.js:25:12)
      at ObjectId.cast (C:\projects\Fahad-university\university-management-auth-server\node_modules\mongoose\lib\schema\objectid.js:246:12)
      at ObjectId.SchemaType.applySetters (C:\projects\Fahad-university\university-management-auth-server\node_modules\mongoose\lib\schematype.js:1204:12)
      at ObjectId.SchemaType.castForQuery (C:\projects\Fahad-university\university-management-auth-server\node_modules\mongoose\lib\schematype.js:1616:15)
      at cast (C:\projects\Fahad-university\university-management-auth-server\node_modules\mongoose\lib\cast.js:348:32)
      at model.Query.Query.cast (C:\projects\Fahad-university\university-management-auth-server\node_modules\mongoose\lib\query.js:4874:12)
      at model.Query.Query._castConditions (C:\projects\Fahad-university\university-management-auth-server\node_modules\mongoose\lib\query.js:2210:10)
      at model.Query._findOne (C:\projects\Fahad-university\university-management-auth-server\node_modules\mongoose\lib\query.js:2497:8)
      at model.Query.exec (C:\projects\Fahad-university\university-management-auth-server\node_modules\mongoose\lib\query.js:4404:28),
  valueType: 'string',
  model: Model { AcademicSemester },
  level: 'error',
  label: 'Fahad Uni',
  timestamp: '2023-06-12T07:00:53.453Z'
}
{
  stringValue: '"64857c19e107d0e20b"',
  messageFormat: undefined,
  kind: 'ObjectId',
  value: '64857c19e107d0e20b',
  path: '_id',
  reason: BSONError: Argument passed in must be a string of 12 bytes or a string of 24 hex characters or an integer
      at new ObjectId (C:\projects\Fahad-university\university-management-auth-server\node_modules\bson\src\objectid.ts:88:15)
      at castObjectId (C:\projects\Fahad-university\university-management-auth-server\node_modules\mongoose\lib\cast\objectid.js:25:12)
      at ObjectId.cast (C:\projects\Fahad-university\university-management-auth-server\node_modules\mongoose\lib\schema\objectid.js:246:12)
      at ObjectId.SchemaType.applySetters (C:\projects\Fahad-university\university-management-auth-server\node_modules\mongoose\lib\schematype.js:1204:12)
      at ObjectId.SchemaType.castForQuery (C:\projects\Fahad-university\university-management-auth-server\node_modules\mongoose\lib\schematype.js:1616:15)
      at cast (C:\projects\Fahad-university\university-management-auth-server\node_modules\mongoose\lib\cast.js:348:32)
      at model.Query.Query.cast (C:\projects\Fahad-university\university-management-auth-server\node_modules\mongoose\lib\query.js:4874:12)
      at model.Query.Query._castConditions (C:\projects\Fahad-university\university-management-auth-server\node_modules\mongoose\lib\query.js:2210:10)
      at model.Query._findOne (C:\projects\Fahad-university\university-management-auth-server\node_modules\mongoose\lib\query.js:2497:8)
      at model.Query.exec (C:\projects\Fahad-university\university-management-auth-server\node_modules\mongoose\lib\query.js:4404:28),
  valueType: 'string',
  model: Model { AcademicSemester },
  level: 'error',
  label: 'Fahad Uni',
  timestamp: '2023-06-12T07:25:11.382Z'
}
{
  stringValue: '"64857c19e107d0e20b"',
  messageFormat: undefined,
  kind: 'ObjectId',
  value: '64857c19e107d0e20b',
  path: '_id',
  reason: BSONError: Argument passed in must be a string of 12 bytes or a string of 24 hex characters or an integer
      at new ObjectId (C:\projects\Fahad-university\university-management-auth-server\node_modules\bson\src\objectid.ts:88:15)
      at castObjectId (C:\projects\Fahad-university\university-management-auth-server\node_modules\mongoose\lib\cast\objectid.js:25:12)
      at ObjectId.cast (C:\projects\Fahad-university\university-management-auth-server\node_modules\mongoose\lib\schema\objectid.js:246:12)
      at ObjectId.SchemaType.applySetters (C:\projects\Fahad-university\university-management-auth-server\node_modules\mongoose\lib\schematype.js:1204:12)
      at ObjectId.SchemaType.castForQuery (C:\projects\Fahad-university\university-management-auth-server\node_modules\mongoose\lib\schematype.js:1616:15)
      at cast (C:\projects\Fahad-university\university-management-auth-server\node_modules\mongoose\lib\cast.js:348:32)
      at model.Query.Query.cast (C:\projects\Fahad-university\university-management-auth-server\node_modules\mongoose\lib\query.js:4874:12)
      at model.Query.Query._castConditions (C:\projects\Fahad-university\university-management-auth-server\node_modules\mongoose\lib\query.js:2210:10)
      at model.Query._findOne (C:\projects\Fahad-university\university-management-auth-server\node_modules\mongoose\lib\query.js:2497:8)
      at model.Query.exec (C:\projects\Fahad-university\university-management-auth-server\node_modules\mongoose\lib\query.js:4404:28),
  valueType: 'string',
  model: Model { AcademicSemester },
  level: 'error',
  label: 'Fahad Uni',
  timestamp: '2023-06-12T07:26:53.179Z'
}
{
  stringValue: '"64857c19e107d0e20b"',
  messageFormat: undefined,
  kind: 'ObjectId',
  value: '64857c19e107d0e20b',
  path: '_id',
  reason: BSONError: Argument passed in must be a string of 12 bytes or a string of 24 hex characters or an integer
      at new ObjectId (C:\projects\Fahad-university\university-management-auth-server\node_modules\bson\src\objectid.ts:88:15)
      at castObjectId (C:\projects\Fahad-university\university-management-auth-server\node_modules\mongoose\lib\cast\objectid.js:25:12)
      at ObjectId.cast (C:\projects\Fahad-university\university-management-auth-server\node_modules\mongoose\lib\schema\objectid.js:246:12)
      at ObjectId.SchemaType.applySetters (C:\projects\Fahad-university\university-management-auth-server\node_modules\mongoose\lib\schematype.js:1204:12)
      at ObjectId.SchemaType.castForQuery (C:\projects\Fahad-university\university-management-auth-server\node_modules\mongoose\lib\schematype.js:1616:15)
      at cast (C:\projects\Fahad-university\university-management-auth-server\node_modules\mongoose\lib\cast.js:348:32)
      at model.Query.Query.cast (C:\projects\Fahad-university\university-management-auth-server\node_modules\mongoose\lib\query.js:4874:12)
      at model.Query.Query._castConditions (C:\projects\Fahad-university\university-management-auth-server\node_modules\mongoose\lib\query.js:2210:10)
      at model.Query._findOne (C:\projects\Fahad-university\university-management-auth-server\node_modules\mongoose\lib\query.js:2497:8)
      at model.Query.exec (C:\projects\Fahad-university\university-management-auth-server\node_modules\mongoose\lib\query.js:4404:28),
  valueType: 'string',
  model: Model { AcademicSemester },
  level: 'error',
  label: 'Fahad Uni',
  timestamp: '2023-06-12T07:27:21.337Z'
}
{
  stringValue: '"64857c19e107d0e20basdsad"',
  messageFormat: undefined,
  kind: 'ObjectId',
  value: '64857c19e107d0e20basdsad',
  path: '_id',
  reason: BSONError: Argument passed in must be a string of 12 bytes or a string of 24 hex characters or an integer
      at new ObjectId (C:\projects\Fahad-university\university-management-auth-server\node_modules\bson\src\objectid.ts:88:15)
      at castObjectId (C:\projects\Fahad-university\university-management-auth-server\node_modules\mongoose\lib\cast\objectid.js:25:12)
      at ObjectId.cast (C:\projects\Fahad-university\university-management-auth-server\node_modules\mongoose\lib\schema\objectid.js:246:12)
      at ObjectId.SchemaType.applySetters (C:\projects\Fahad-university\university-management-auth-server\node_modules\mongoose\lib\schematype.js:1204:12)
      at ObjectId.SchemaType.castForQuery (C:\projects\Fahad-university\university-management-auth-server\node_modules\mongoose\lib\schematype.js:1616:15)
      at cast (C:\projects\Fahad-university\university-management-auth-server\node_modules\mongoose\lib\cast.js:348:32)
      at model.Query.Query.cast (C:\projects\Fahad-university\university-management-auth-server\node_modules\mongoose\lib\query.js:4874:12)
      at model.Query.Query._castConditions (C:\projects\Fahad-university\university-management-auth-server\node_modules\mongoose\lib\query.js:2210:10)
      at model.Query._findOne (C:\projects\Fahad-university\university-management-auth-server\node_modules\mongoose\lib\query.js:2497:8)
      at model.Query.exec (C:\projects\Fahad-university\university-management-auth-server\node_modules\mongoose\lib\query.js:4404:28),
  valueType: 'string',
  model: Model { AcademicSemester },
  level: 'error',
  label: 'Fahad Uni',
  timestamp: '2023-06-12T07:29:09.127Z'
}
{
  stringValue: '"64857c11e107d0e20b0cb"',
  messageFormat: undefined,
  kind: 'ObjectId',
  value: '64857c11e107d0e20b0cb',
  path: '_id',
  reason: BSONError: Argument passed in must be a string of 12 bytes or a string of 24 hex characters or an integer
      at new ObjectId (C:\projects\Fahad-university\university-management-auth-server\node_modules\bson\src\objectid.ts:88:15)
      at castObjectId (C:\projects\Fahad-university\university-management-auth-server\node_modules\mongoose\lib\cast\objectid.js:25:12)
      at ObjectId.cast (C:\projects\Fahad-university\university-management-auth-server\node_modules\mongoose\lib\schema\objectid.js:246:12)
      at ObjectId.SchemaType.applySetters (C:\projects\Fahad-university\university-management-auth-server\node_modules\mongoose\lib\schematype.js:1204:12)
      at ObjectId.SchemaType.castForQuery (C:\projects\Fahad-university\university-management-auth-server\node_modules\mongoose\lib\schematype.js:1616:15)
      at cast (C:\projects\Fahad-university\university-management-auth-server\node_modules\mongoose\lib\cast.js:348:32)
      at model.Query.Query.cast (C:\projects\Fahad-university\university-management-auth-server\node_modules\mongoose\lib\query.js:4874:12)
      at model.Query.Query._castConditions (C:\projects\Fahad-university\university-management-auth-server\node_modules\mongoose\lib\query.js:2210:10)
      at model.Query._findOne (C:\projects\Fahad-university\university-management-auth-server\node_modules\mongoose\lib\query.js:2497:8)
      at model.Query.exec (C:\projects\Fahad-university\university-management-auth-server\node_modules\mongoose\lib\query.js:4404:28),
  valueType: 'string',
  model: Model { AcademicSemester },
  level: 'error',
  label: 'Fahad Uni',
  timestamp: '2023-06-12T07:29:53.323Z'
}
