{
  issues: [
    {
      code: 'invalid_type',
      expected: 'number',
      received: 'string',
      path: [ 'body', 'year' ],
      message: 'Expected number, received string'
    }
  ],
  addIssue: [Function (anonymous)],
  addIssues: [Function (anonymous)],
  name: 'ZodError',
  level: 'error',
  message: 'globalErrorHandler [\n' +
    '  {\n' +
    '    "code": "invalid_type",\n' +
    '    "expected": "number",\n' +
    '    "received": "string",\n' +
    '    "path": [\n' +
    '      "body",\n' +
    '      "year"\n' +
    '    ],\n' +
    '    "message": "Expected number, received string"\n' +
    '  }\n' +
    ']',
  stack: 'ZodError: [\n' +
    '  {\n' +
    '    "code": "invalid_type",\n' +
    '    "expected": "number",\n' +
    '    "received": "string",\n' +
    '    "path": [\n' +
    '      "body",\n' +
    '      "year"\n' +
    '    ],\n' +
    '    "message": "Expected number, received string"\n' +
    '  }\n' +
    ']\n' +
    '    at Object.get error [as error] (C:\\projects\\Fahad-university\\university-management-auth-server\\node_modules\\zod\\lib\\types.js:43:31)\n' +
    '    at ZodObject.parseAsync (C:\\projects\\Fahad-university\\university-management-auth-server\\node_modules\\zod\\lib\\types.js:164:22)\n' +
    '    at processTicksAndRejections (node:internal/process/task_queues:95:5)',
  label: 'Fahad Uni',
  timestamp: '2023-06-11T07:42:53.593Z'
}
{
  issues: [
    {
      code: 'invalid_type',
      expected: 'number',
      received: 'string',
      path: [ 'body', 'year' ],
      message: 'Expected number, received string'
    }
  ],
  addIssue: [Function (anonymous)],
  addIssues: [Function (anonymous)],
  name: 'ZodError',
  level: 'error',
  message: 'globalErrorHandler [\n' +
    '  {\n' +
    '    "code": "invalid_type",\n' +
    '    "expected": "number",\n' +
    '    "received": "string",\n' +
    '    "path": [\n' +
    '      "body",\n' +
    '      "year"\n' +
    '    ],\n' +
    '    "message": "Expected number, received string"\n' +
    '  }\n' +
    ']',
  stack: 'ZodError: [\n' +
    '  {\n' +
    '    "code": "invalid_type",\n' +
    '    "expected": "number",\n' +
    '    "received": "string",\n' +
    '    "path": [\n' +
    '      "body",\n' +
    '      "year"\n' +
    '    ],\n' +
    '    "message": "Expected number, received string"\n' +
    '  }\n' +
    ']\n' +
    '    at Object.get error [as error] (C:\\projects\\Fahad-university\\university-management-auth-server\\node_modules\\zod\\lib\\types.js:43:31)\n' +
    '    at ZodObject.parseAsync (C:\\projects\\Fahad-university\\university-management-auth-server\\node_modules\\zod\\lib\\types.js:164:22)\n' +
    '    at processTicksAndRejections (node:internal/process/task_queues:95:5)',
  label: 'Fahad Uni',
  timestamp: '2023-06-11T07:44:11.386Z'
}
{
  statusCode: 409,
  level: 'error',
  label: 'Fahad Uni',
  timestamp: '2023-06-11T07:47:06.585Z'
}
